#
# There is insufficient memory for the Java Runtime Environment to continue.
# Native memory allocation (malloc) failed to allocate 32744 bytes for ChunkPool::allocate
# Possible reasons:
#   The system is out of physical RAM or swap space
#   In 32 bit mode, the process size limit was hit
# Possible solutions:
#   Reduce memory load on the system
#   Increase physical memory or swap space
#   Check if swap backing store is full
#   Use 64 bit Java on a 64 bit OS
#   Decrease Java heap size (-Xmx/-Xms)
#   Decrease number of Java threads
#   Decrease Java thread stack sizes (-Xss)
#   Set larger code cache with -XX:ReservedCodeCacheSize=
# This output file may be truncated or incomplete.
#
#  Out of Memory Error (allocation.cpp:273), pid=1804, tid=0x0000000000000a34
#
# JRE version: Java(TM) SE Runtime Environment (8.0_151-b12) (build 1.8.0_151-b12)
# Java VM: Java HotSpot(TM) 64-Bit Server VM (25.151-b12 mixed mode windows-amd64 compressed oops)
# Failed to write core dump. Minidumps are not enabled by default on client versions of Windows
#

---------------  T H R E A D  ---------------

Current thread (0x000000001a6b5000):  JavaThread "C2 CompilerThread2" daemon [_thread_in_native, id=2612, stack(0x000000001af80000,0x000000001b080000)]

Stack: [0x000000001af80000,0x000000001b080000]
[error occurred during error reporting (printing stack bounds), id 0xc0000005]

Native frames: (J=compiled Java code, j=interpreted, Vv=VM code, C=native code)


Current CompileTask:
C2:  28432 10953       4       org.gradle.api.internal.artifacts.ivyservice.dependencysubstitution.DefaultDependencySubstitutions::module (14 bytes)


---------------  P R O C E S S  ---------------

Java Threads: ( => current thread )
  0x0000000021d41000 JavaThread "RMI TCP Connection(1)-127.0.0.1" daemon [_thread_in_native, id=9004, stack(0x0000000030a70000,0x0000000030b70000)]
  0x0000000021d40800 JavaThread "RMI Reaper" [_thread_blocked, id=13784, stack(0x0000000030970000,0x0000000030a70000)]
  0x0000000021d3e000 JavaThread "RMI TCP Accept-0" daemon [_thread_in_native, id=4204, stack(0x0000000030870000,0x0000000030970000)]
  0x0000000021d3f000 JavaThread "GC Daemon" daemon [_thread_blocked, id=15260, stack(0x0000000030770000,0x0000000030870000)]
  0x0000000021d3c000 JavaThread "RMI RenewClean-[127.0.0.1:17265,org.jetbrains.kotlin.daemon.common.LoopbackNetworkInterface$ClientLoopbackSocketFactory@4681f41c]" daemon [_thread_blocked, id=496, stack(0x0000000030670000,0x0000000030770000)]
  0x0000000021d34000 JavaThread "RMI Scheduler(0)" daemon [_thread_blocked, id=4364, stack(0x0000000030570000,0x0000000030670000)]
  0x0000000021d38000 JavaThread "Cache worker for execution history cache (D:\Warehouse\1809Fiannce\.gradle\6.5\executionHistory)" [_thread_blocked, id=9504, stack(0x000000002fc70000,0x000000002fd70000)]
  0x0000000021d3b000 JavaThread "Execution worker for ':' Thread 7" [_thread_blocked, id=10796, stack(0x000000002fb70000,0x000000002fc70000)]
  0x0000000021d37000 JavaThread "Execution worker for ':' Thread 6" [_thread_blocked, id=1328, stack(0x000000002fa70000,0x000000002fb70000)]
  0x0000000021d3a800 JavaThread "Execution worker for ':' Thread 5" [_thread_blocked, id=12948, stack(0x000000002f970000,0x000000002fa70000)]
  0x0000000021d39800 JavaThread "Execution worker for ':' Thread 4" [_thread_in_native, id=13060, stack(0x000000002f870000,0x000000002f970000)]
  0x0000000021d36800 JavaThread "Execution worker for ':' Thread 3" [_thread_blocked, id=13776, stack(0x000000002f770000,0x000000002f870000)]
  0x0000000021d39000 JavaThread "Execution worker for ':' Thread 2" [_thread_blocked, id=3232, stack(0x000000002ef20000,0x000000002f020000)]
  0x0000000021d35000 JavaThread "Execution worker for ':'" [_thread_blocked, id=9344, stack(0x000000002da10000,0x000000002db10000)]
  0x000000002100d000 JavaThread "Cache worker for file content cache (D:\Warehouse\1809Fiannce\.gradle\6.5\fileContent)" [_thread_blocked, id=15036, stack(0x000000002f070000,0x000000002f170000)]
  0x000000002100c000 JavaThread "Memory manager" [_thread_blocked, id=12472, stack(0x000000002cef0000,0x000000002cff0000)]
  0x0000000021004800 JavaThread "Cache worker for Build Output Cleanup Cache (D:\Warehouse\1809Fiannce\.gradle\buildOutputCleanup)" [_thread_blocked, id=5684, stack(0x000000002c7f0000,0x000000002c8f0000)]
  0x000000002100b800 JavaThread "jar transforms Thread 114" [_thread_blocked, id=8988, stack(0x000000002c4f0000,0x000000002c5f0000)]
  0x000000002100a000 JavaThread "jar transforms Thread 113" [_thread_blocked, id=5760, stack(0x000000002c3f0000,0x000000002c4f0000)]
  0x0000000021009000 JavaThread "jar transforms Thread 112" [_thread_blocked, id=3456, stack(0x000000002c2f0000,0x000000002c3f0000)]
  0x0000000021008800 JavaThread "jar transforms Thread 111" [_thread_blocked, id=7004, stack(0x000000002c1f0000,0x000000002c2f0000)]
  0x000000002100a800 JavaThread "jar transforms Thread 110" [_thread_blocked, id=1196, stack(0x000000002c0f0000,0x000000002c1f0000)]
  0x0000000021004000 JavaThread "jar transforms Thread 109" [_thread_blocked, id=12840, stack(0x000000002bff0000,0x000000002c0f0000)]
  0x0000000021001000 JavaThread "jar transforms Thread 108" [_thread_blocked, id=6700, stack(0x000000002bdf0000,0x000000002bef0000)]
  0x0000000021007000 JavaThread "jar transforms Thread 107" [_thread_blocked, id=13116, stack(0x000000002bcf0000,0x000000002bdf0000)]
  0x0000000021007800 JavaThread "jar transforms Thread 106" [_thread_blocked, id=4280, stack(0x000000002bbf0000,0x000000002bcf0000)]
  0x0000000021002800 JavaThread "jar transforms Thread 105" [_thread_blocked, id=12296, stack(0x000000002baf0000,0x000000002bbf0000)]
  0x0000000021006000 JavaThread "jar transforms Thread 104" [_thread_blocked, id=9816, stack(0x000000002b9f0000,0x000000002baf0000)]
  0x0000000021001800 JavaThread "jar transforms Thread 103" [_thread_blocked, id=12256, stack(0x000000002b8f0000,0x000000002b9f0000)]
  0x0000000020fff800 JavaThread "jar transforms Thread 102" [_thread_blocked, id=1960, stack(0x000000002b7f0000,0x000000002b8f0000)]
  0x0000000021003000 JavaThread "jar transforms Thread 101" [_thread_blocked, id=3836, stack(0x000000002b6f0000,0x000000002b7f0000)]
  0x0000000021000000 JavaThread "jar transforms Thread 100" [_thread_blocked, id=2600, stack(0x000000002b5f0000,0x000000002b6f0000)]
  0x0000000021005800 JavaThread "jar transforms Thread 99" [_thread_blocked, id=10836, stack(0x000000002b4f0000,0x000000002b5f0000)]
  0x0000000020ffe800 JavaThread "jar transforms Thread 98" [_thread_blocked, id=15032, stack(0x000000002b3f0000,0x000000002b4f0000)]
  0x0000000020ffe000 JavaThread "jar transforms Thread 97" [_thread_blocked, id=460, stack(0x000000002b2f0000,0x000000002b3f0000)]
  0x000000001f4ef800 JavaThread "jar transforms Thread 96" [_thread_blocked, id=6036, stack(0x000000002b1f0000,0x000000002b2f0000)]
  0x000000001f4ee800 JavaThread "jar transforms Thread 95" [_thread_blocked, id=4764, stack(0x000000002b0f0000,0x000000002b1f0000)]
  0x000000001f4ee000 JavaThread "jar transforms Thread 94" [_thread_blocked, id=4980, stack(0x000000002aff0000,0x000000002b0f0000)]
  0x000000001f4ed000 JavaThread "jar transforms Thread 93" [_thread_blocked, id=13412, stack(0x000000002aef0000,0x000000002aff0000)]
  0x000000001f4ec000 JavaThread "jar transforms Thread 92" [_thread_blocked, id=3148, stack(0x000000002adf0000,0x000000002aef0000)]
  0x000000001f4e4800 JavaThread "jar transforms Thread 91" [_thread_blocked, id=14284, stack(0x000000002acf0000,0x000000002adf0000)]
  0x000000001f4eb800 JavaThread "jar transforms Thread 90" [_thread_blocked, id=15264, stack(0x000000002abf0000,0x000000002acf0000)]
  0x000000001f4e4000 JavaThread "jar transforms Thread 89" [_thread_blocked, id=6352, stack(0x000000002aaf0000,0x000000002abf0000)]
  0x000000001f4ea800 JavaThread "jar transforms Thread 88" [_thread_blocked, id=13916, stack(0x000000002a9f0000,0x000000002aaf0000)]
  0x000000001f4e3000 JavaThread "jar transforms Thread 87" [_thread_blocked, id=4636, stack(0x000000002a8f0000,0x000000002a9f0000)]
  0x000000001f4ea000 JavaThread "jar transforms Thread 86" [_thread_blocked, id=14708, stack(0x000000002a7f0000,0x000000002a8f0000)]
  0x000000001f4e2800 JavaThread "jar transforms Thread 85" [_thread_blocked, id=4600, stack(0x000000002a6f0000,0x000000002a7f0000)]
  0x000000001f4e8800 JavaThread "jar transforms Thread 84" [_thread_blocked, id=8208, stack(0x000000002a5f0000,0x000000002a6f0000)]
  0x000000001f4e7800 JavaThread "jar transforms Thread 83" [_thread_blocked, id=1932, stack(0x000000002a4f0000,0x000000002a5f0000)]
  0x000000001f4e9000 JavaThread "jar transforms Thread 82" [_thread_blocked, id=452, stack(0x000000002a3f0000,0x000000002a4f0000)]
  0x000000001f4e5800 JavaThread "jar transforms Thread 81" [_thread_blocked, id=1696, stack(0x000000002a2f0000,0x000000002a3f0000)]
  0x000000001f4e6000 JavaThread "jar transforms Thread 80" [_thread_blocked, id=5116, stack(0x000000002a1f0000,0x000000002a2f0000)]
  0x000000001f4e0000 JavaThread "jar transforms Thread 79" [_thread_blocked, id=5848, stack(0x000000002a0f0000,0x000000002a1f0000)]
  0x000000001f4e1800 JavaThread "jar transforms Thread 78" [_thread_blocked, id=14156, stack(0x0000000029ff0000,0x000000002a0f0000)]
  0x000000001f4e7000 JavaThread "jar transforms Thread 77" [_thread_blocked, id=11816, stack(0x0000000029ef0000,0x0000000029ff0000)]
  0x000000001f4e1000 JavaThread "jar transforms Thread 76" [_thread_blocked, id=14212, stack(0x0000000029df0000,0x0000000029ef0000)]
  0x0000000022053000 JavaThread "jar transforms Thread 75" [_thread_blocked, id=11636, stack(0x0000000029cf0000,0x0000000029df0000)]
  0x0000000022053800 JavaThread "jar transforms Thread 74" [_thread_blocked, id=11544, stack(0x0000000029bf0000,0x0000000029cf0000)]
  0x0000000022052000 JavaThread "jar transforms Thread 73" [_thread_blocked, id=10800, stack(0x0000000029af0000,0x0000000029bf0000)]
  0x0000000022050800 JavaThread "jar transforms Thread 72" [_thread_blocked, id=15080, stack(0x00000000299f0000,0x0000000029af0000)]
  0x000000002204d800 JavaThread "jar transforms Thread 71" [_thread_blocked, id=6876, stack(0x00000000298f0000,0x00000000299f0000)]
  0x000000002204e800 JavaThread "jar transforms Thread 70" [_thread_blocked, id=10084, stack(0x00000000297f0000,0x00000000298f0000)]
  0x000000002204f000 JavaThread "jar transforms Thread 69" [_thread_blocked, id=6544, stack(0x00000000296f0000,0x00000000297f0000)]
  0x0000000022050000 JavaThread "jar transforms Thread 68" [_thread_blocked, id=5016, stack(0x00000000295f0000,0x00000000296f0000)]
  0x0000000022051800 JavaThread "jar transforms Thread 67" [_thread_blocked, id=7492, stack(0x00000000294f0000,0x00000000295f0000)]
  0x0000000022054800 JavaThread "jar transforms Thread 66" [_thread_blocked, id=13976, stack(0x00000000293f0000,0x00000000294f0000)]
  0x0000000022046000 JavaThread "jar transforms Thread 65" [_thread_blocked, id=4028, stack(0x00000000292f0000,0x00000000293f0000)]
  0x000000002204d000 JavaThread "jar transforms Thread 64" [_thread_blocked, id=3260, stack(0x00000000291f0000,0x00000000292f0000)]
  0x000000002204a800 JavaThread "jar transforms Thread 63" [_thread_blocked, id=15104, stack(0x00000000290f0000,0x00000000291f0000)]
  0x000000002204a000 JavaThread "jar transforms Thread 62" [_thread_blocked, id=9124, stack(0x0000000028ff0000,0x00000000290f0000)]
  0x0000000022049000 JavaThread "jar transforms Thread 61" [_thread_blocked, id=13816, stack(0x0000000028ef0000,0x0000000028ff0000)]
  0x000000002204c000 JavaThread "jar transforms Thread 60" [_thread_blocked, id=4052, stack(0x0000000028df0000,0x0000000028ef0000)]
  0x000000002204b800 JavaThread "jar transforms Thread 59" [_thread_blocked, id=14924, stack(0x0000000028cf0000,0x0000000028df0000)]
  0x0000000022045800 JavaThread "jar transforms Thread 58" [_thread_blocked, id=7296, stack(0x0000000028bf0000,0x0000000028cf0000)]
  0x0000000022048800 JavaThread "jar transforms Thread 57" [_thread_blocked, id=10540, stack(0x0000000028af0000,0x0000000028bf0000)]
  0x0000000022047800 JavaThread "jar transforms Thread 56" [_thread_blocked, id=5252, stack(0x00000000289f0000,0x0000000028af0000)]
  0x0000000022047000 JavaThread "jar transforms Thread 55" [_thread_blocked, id=5056, stack(0x00000000288f0000,0x00000000289f0000)]
  0x0000000021f19800 JavaThread "jar transforms Thread 54" [_thread_blocked, id=12936, stack(0x00000000287f0000,0x00000000288f0000)]
  0x0000000021f1c800 JavaThread "jar transforms Thread 53" [_thread_blocked, id=88, stack(0x00000000286f0000,0x00000000287f0000)]
  0x0000000021f1b800 JavaThread "jar transforms Thread 52" [_thread_blocked, id=14880, stack(0x00000000285f0000,0x00000000286f0000)]
  0x0000000021f18800 JavaThread "jar transforms Thread 51" [_thread_blocked, id=11552, stack(0x00000000284f0000,0x00000000285f0000)]
  0x0000000021f18000 JavaThread "jar transforms Thread 50" [_thread_blocked, id=12272, stack(0x00000000283f0000,0x00000000284f0000)]
  0x0000000021f1b000 JavaThread "jar transforms Thread 49" [_thread_blocked, id=10804, stack(0x00000000282f0000,0x00000000283f0000)]
  0x0000000021f1a000 JavaThread "jar transforms Thread 48" [_thread_blocked, id=4100, stack(0x00000000281f0000,0x00000000282f0000)]
  0x0000000021f17000 JavaThread "jar transforms Thread 47" [_thread_blocked, id=14968, stack(0x00000000280f0000,0x00000000281f0000)]
  0x0000000021f0f800 JavaThread "jar transforms Thread 46" [_thread_blocked, id=12076, stack(0x0000000027ff0000,0x00000000280f0000)]
  0x0000000021f16800 JavaThread "jar transforms Thread 45" [_thread_blocked, id=2300, stack(0x0000000027ef0000,0x0000000027ff0000)]
  0x0000000021f12000 JavaThread "jar transforms Thread 44" [_thread_blocked, id=11860, stack(0x0000000027df0000,0x0000000027ef0000)]
  0x0000000021f0f000 JavaThread "jar transforms Thread 43" [_thread_blocked, id=6720, stack(0x0000000027cf0000,0x0000000027df0000)]
  0x0000000021f15800 JavaThread "jar transforms Thread 42" [_thread_blocked, id=9040, stack(0x0000000027bf0000,0x0000000027cf0000)]
  0x0000000021f0e000 JavaThread "jar transforms Thread 41" [_thread_blocked, id=5180, stack(0x0000000027af0000,0x0000000027bf0000)]
  0x0000000021f14000 JavaThread "jar transforms Thread 40" [_thread_blocked, id=8296, stack(0x00000000279f0000,0x0000000027af0000)]
  0x0000000021f15000 JavaThread "jar transforms Thread 39" [_thread_blocked, id=12460, stack(0x00000000278f0000,0x00000000279f0000)]
  0x0000000021f13800 JavaThread "jar transforms Thread 38" [_thread_blocked, id=1692, stack(0x00000000277f0000,0x00000000278f0000)]
  0x0000000021f12800 JavaThread "jar transforms Thread 37" [_thread_blocked, id=12328, stack(0x00000000276f0000,0x00000000277f0000)]
  0x0000000021f10800 JavaThread "jar transforms Thread 36" [_thread_blocked, id=8212, stack(0x00000000275f0000,0x00000000276f0000)]
  0x0000000021f11000 JavaThread "jar transforms Thread 35" [_thread_blocked, id=8896, stack(0x00000000274f0000,0x00000000275f0000)]
  0x0000000021f0d800 JavaThread "jar transforms Thread 34" [_thread_blocked, id=12392, stack(0x00000000273f0000,0x00000000274f0000)]
  0x0000000021f2b800 JavaThread "jar transforms Thread 33" [_thread_blocked, id=9308, stack(0x00000000272f0000,0x00000000273f0000)]
  0x0000000021f2a000 JavaThread "jar transforms Thread 32" [_thread_blocked, id=12636, stack(0x00000000271f0000,0x00000000272f0000)]
  0x0000000021f29800 JavaThread "jar transforms Thread 31" [_thread_blocked, id=12556, stack(0x00000000270f0000,0x00000000271f0000)]
  0x0000000021f28000 JavaThread "jar transforms Thread 30" [_thread_blocked, id=9052, stack(0x0000000026ff0000,0x00000000270f0000)]
  0x0000000021f28800 JavaThread "jar transforms Thread 29" [_thread_blocked, id=15100, stack(0x0000000026ef0000,0x0000000026ff0000)]
  0x0000000021f2b000 JavaThread "jar transforms Thread 28" [_thread_blocked, id=244, stack(0x0000000026df0000,0x0000000026ef0000)]
  0x0000000021f26800 JavaThread "jar transforms Thread 27" [_thread_blocked, id=12704, stack(0x0000000026cf0000,0x0000000026df0000)]
  0x0000000021f27000 JavaThread "jar transforms Thread 26" [_thread_blocked, id=7024, stack(0x0000000026bf0000,0x0000000026cf0000)]
  0x0000000021f2c800 JavaThread "jar transforms Thread 25" [_thread_blocked, id=9408, stack(0x0000000026af0000,0x0000000026bf0000)]
  0x0000000021f1f000 JavaThread "jar transforms Thread 24" [_thread_blocked, id=448, stack(0x00000000269f0000,0x0000000026af0000)]
  0x0000000021f25800 JavaThread "jar transforms Thread 23" [_thread_blocked, id=1860, stack(0x00000000268f0000,0x00000000269f0000)]
  0x0000000021f24000 JavaThread "jar transforms Thread 22" [_thread_blocked, id=7152, stack(0x00000000267f0000,0x00000000268f0000)]
  0x0000000021f23800 JavaThread "jar transforms Thread 21" [_thread_blocked, id=4728, stack(0x00000000266f0000,0x00000000267f0000)]
  0x0000000021f25000 JavaThread "jar transforms Thread 20" [_thread_blocked, id=3152, stack(0x00000000265f0000,0x00000000266f0000)]
  0x0000000021f22800 JavaThread "jar transforms Thread 19" [_thread_blocked, id=9996, stack(0x00000000264f0000,0x00000000265f0000)]
  0x0000000021f20800 JavaThread "jar transforms Thread 18" [_thread_blocked, id=8960, stack(0x00000000263f0000,0x00000000264f0000)]
  0x0000000021f1f800 JavaThread "jar transforms Thread 17" [_thread_blocked, id=11420, stack(0x00000000262f0000,0x00000000263f0000)]
  0x0000000021f21000 JavaThread "jar transforms Thread 16" [_thread_blocked, id=10456, stack(0x00000000261f0000,0x00000000262f0000)]
  0x0000000021f22000 JavaThread "jar transforms Thread 15" [_thread_blocked, id=12540, stack(0x00000000260f0000,0x00000000261f0000)]
  0x0000000021f1e000 JavaThread "jar transforms Thread 14" [_thread_blocked, id=1444, stack(0x0000000025ff0000,0x00000000260f0000)]
  0x0000000021f1d800 JavaThread "jar transforms Thread 13" [_thread_blocked, id=10672, stack(0x0000000025ef0000,0x0000000025ff0000)]
  0x000000001d218800 JavaThread "jar transforms Thread 12" [_thread_blocked, id=7188, stack(0x0000000025df0000,0x0000000025ef0000)]
  0x000000001d217000 JavaThread "jar transforms Thread 11" [_thread_blocked, id=3184, stack(0x0000000025cf0000,0x0000000025df0000)]
  0x000000001d216000 JavaThread "jar transforms Thread 10" [_thread_blocked, id=8640, stack(0x0000000025bf0000,0x0000000025cf0000)]
  0x000000001d215800 JavaThread "jar transforms Thread 9" [_thread_blocked, id=14400, stack(0x0000000025af0000,0x0000000025bf0000)]
  0x000000001d219000 JavaThread "jar transforms Thread 8" [_thread_blocked, id=3364, stack(0x00000000259f0000,0x0000000025af0000)]
  0x000000001d217800 JavaThread "jar transforms Thread 7" [_thread_blocked, id=15268, stack(0x00000000258f0000,0x00000000259f0000)]
  0x000000001d214800 JavaThread "jar transforms Thread 6" [_thread_blocked, id=8364, stack(0x00000000257f0000,0x00000000258f0000)]
  0x000000001d214000 JavaThread "jar transforms Thread 5" [_thread_blocked, id=11928, stack(0x00000000256f0000,0x00000000257f0000)]
  0x000000001d211800 JavaThread "jar transforms Thread 4" [_thread_blocked, id=8516, stack(0x00000000255f0000,0x00000000256f0000)]
  0x000000001d213000 JavaThread "jar transforms Thread 3" [_thread_blocked, id=7836, stack(0x00000000254f0000,0x00000000255f0000)]
  0x000000001d20c800 JavaThread "jar transforms Thread 2" [_thread_blocked, id=1248, stack(0x00000000253f0000,0x00000000254f0000)]
  0x000000001d20b800 JavaThread "Build operations Thread 8" [_thread_blocked, id=10340, stack(0x00000000251f0000,0x00000000252f0000)]
  0x000000001d210000 JavaThread "Build operations Thread 7" [_thread_blocked, id=9876, stack(0x00000000250f0000,0x00000000251f0000)]
  0x000000001d212800 JavaThread "Build operations Thread 6" [_thread_blocked, id=7920, stack(0x0000000024ff0000,0x00000000250f0000)]
  0x000000001d20a000 JavaThread "Build operations Thread 5" [_thread_blocked, id=6832, stack(0x0000000024ef0000,0x0000000024ff0000)]
  0x000000001d20f800 JavaThread "Build operations Thread 4" [_thread_blocked, id=12456, stack(0x0000000024df0000,0x0000000024ef0000)]
  0x000000001d211000 JavaThread "Build operations Thread 3" [_thread_blocked, id=2572, stack(0x0000000024cf0000,0x0000000024df0000)]
  0x000000001d20e800 JavaThread "Build operations Thread 2" [_thread_blocked, id=4628, stack(0x0000000024bf0000,0x0000000024cf0000)]
  0x000000001d20e000 JavaThread "Build operations" [_thread_blocked, id=9852, stack(0x0000000024880000,0x0000000024980000)]
  0x000000001d0b0000 JavaThread "Cache worker for file content cache (C:\Users\Leo\.gradle\caches\6.5\fileContent)" [_thread_blocked, id=11648, stack(0x00000000233b0000,0x00000000234b0000)]
  0x000000001d0b3000 JavaThread "jar transforms" [_thread_blocked, id=1900, stack(0x0000000022af0000,0x0000000022bf0000)]
  0x000000001d0b5800 JavaThread "Cache worker for execution history cache (C:\Users\Leo\.gradle\caches\6.5\executionHistory)" [_thread_blocked, id=7020, stack(0x00000000229f0000,0x0000000022af0000)]
  0x000000001d0b4000 JavaThread "Cache worker for cache directory md-rule (C:\Users\Leo\.gradle\caches\6.5\md-rule)" [_thread_blocked, id=4604, stack(0x00000000228f0000,0x00000000229f0000)]
  0x000000001d0b4800 JavaThread "Cache worker for cache directory md-supplier (C:\Users\Leo\.gradle\caches\6.5\md-supplier)" [_thread_blocked, id=15012, stack(0x0000000021590000,0x0000000021690000)]
  0x000000001d0b7000 JavaThread "Cache worker for checksums cache (D:\Warehouse\1809Fiannce\.gradle\checksums)" [_thread_blocked, id=13140, stack(0x0000000021490000,0x0000000021590000)]
  0x000000001d0b2800 JavaThread "Cache worker for file hash cache (D:\Warehouse\1809Fiannce\.gradle\6.5\fileHashes)" [_thread_blocked, id=1320, stack(0x0000000022cb0000,0x0000000022db0000)]
  0x000000001d0b1800 JavaThread "Cache worker for file hash cache (C:\Users\Leo\.gradle\caches\6.5\fileHashes)" [_thread_blocked, id=10888, stack(0x000000001eff0000,0x000000001f0f0000)]
  0x000000001d0b6000 JavaThread "File lock request listener" [_thread_in_native, id=6760, stack(0x000000001eef0000,0x000000001eff0000)]
  0x000000001d0b1000 JavaThread "Cache worker for journal cache (C:\Users\Leo\.gradle\caches\journal-1)" [_thread_blocked, id=14660, stack(0x000000001edf0000,0x000000001eef0000)]
  0x000000001ce6e800 JavaThread "Thread-9" [_thread_blocked, id=6916, stack(0x000000001eaf0000,0x000000001ebf0000)]
  0x000000001ce65000 JavaThread "Stdin handler" [_thread_blocked, id=9484, stack(0x000000001e9f0000,0x000000001eaf0000)]
  0x000000001ce64800 JavaThread "Asynchronous log dispatcher for DefaultDaemonConnection: socket connection from /127.0.0.1:57181 to /127.0.0.1:57182" [_thread_blocked, id=8836, stack(0x000000001e8f0000,0x000000001e9f0000)]
  0x000000001cf09000 JavaThread "Daemon worker" [_thread_blocked, id=13088, stack(0x000000001e7f0000,0x000000001e8f0000)]
  0x000000001cf08000 JavaThread "Cancel handler" [_thread_blocked, id=6192, stack(0x000000001e6f0000,0x000000001e7f0000)]
  0x000000001ce0c800 JavaThread "Handler for socket connection from /127.0.0.1:57181 to /127.0.0.1:57182" [_thread_in_native, id=2500, stack(0x000000001e5f0000,0x000000001e6f0000)]
  0x000000001ce0c000 JavaThread "Daemon" [_thread_blocked, id=9992, stack(0x000000001e4f0000,0x000000001e5f0000)]
  0x000000001cdf6800 JavaThread "Daemon periodic checks" [_thread_blocked, id=6804, stack(0x000000001e1f0000,0x000000001e2f0000)]
  0x000000001cdf2800 JavaThread "Incoming local TCP Connector on port 57181" [_thread_in_native, id=10576, stack(0x000000001e040000,0x000000001e140000)]
  0x000000001ccc9000 JavaThread "Daemon health stats" [_thread_blocked, id=7248, stack(0x000000001db20000,0x000000001dc20000)]
  0x000000001a73c800 JavaThread "Service Thread" daemon [_thread_blocked, id=6364, stack(0x000000001b180000,0x000000001b280000)]
  0x000000001a6be000 JavaThread "C1 CompilerThread3" daemon [_thread_blocked, id=13940, stack(0x000000001b080000,0x000000001b180000)]
=>0x000000001a6b5000 JavaThread "C2 CompilerThread2" daemon [_thread_in_native, id=2612, stack(0x000000001af80000,0x000000001b080000)]
  0x000000001a6ae800 JavaThread "C2 CompilerThread1" daemon [_thread_in_native, id=12820, stack(0x000000001ae80000,0x000000001af80000)]
  0x000000001a6ac000 JavaThread "C2 CompilerThread0" daemon [_thread_in_native, id=4048, stack(0x000000001ad80000,0x000000001ae80000)]
  0x000000001a6ab000 JavaThread "Attach Listener" daemon [_thread_blocked, id=2420, stack(0x000000001ac80000,0x000000001ad80000)]
  0x000000001a6aa000 JavaThread "Signal Dispatcher" daemon [_thread_blocked, id=13296, stack(0x000000001ab80000,0x000000001ac80000)]
  0x00000000036b8800 JavaThread "Finalizer" daemon [_thread_blocked, id=11800, stack(0x000000001aa20000,0x000000001ab20000)]
  0x000000001875d800 JavaThread "Reference Handler" daemon [_thread_blocked, id=3880, stack(0x000000001a520000,0x000000001a620000)]
  0x00000000035c0800 JavaThread "main" [_thread_blocked, id=464, stack(0x0000000003470000,0x0000000003570000)]

Other Threads:
  0x0000000018758000 VMThread [stack: 0x000000001a420000,0x000000001a520000] [id=11096]
  0x000000001a79a000 WatcherThread [stack: 0x000000001b280000,0x000000001b380000] [id=3532]

VM state:not at safepoint (normal execution)

VM Mutex/Monitor currently owned by a thread: None

Heap:
 PSYoungGen      total 205824K, used 37241K [0x00000000d5580000, 0x00000000e5a00000, 0x0000000100000000)
  eden space 175616K, 10% used [0x00000000d5580000,0x00000000d6778f98,0x00000000e0100000)
  from space 30208K, 62% used [0x00000000e0100000,0x00000000e13657f8,0x00000000e1e80000)
  to   space 30720K, 0% used [0x00000000e3c00000,0x00000000e3c00000,0x00000000e5a00000)
 ParOldGen       total 146432K, used 67424K [0x0000000080000000, 0x0000000088f00000, 0x00000000d5580000)
  object space 146432K, 46% used [0x0000000080000000,0x00000000841d82e8,0x0000000088f00000)
 Metaspace       used 76152K, capacity 80037K, committed 80384K, reserved 1118208K
  class space    used 10622K, capacity 11411K, committed 11520K, reserved 1048576K

Card table byte_map: [0x0000000012a80000,0x0000000012e90000] byte_map_base: 0x0000000012680000

Marking Bits: (ParMarkBitMap*) 0x000000005431d850
 Begin Bits: [0x0000000013940000, 0x0000000015940000)
 End Bits:   [0x0000000015940000, 0x0000000017940000)

Polling page: 0x0000000003570000

CodeCache: size=245760Kb used=29694Kb max_used=29722Kb free=216065Kb
 bounds [0x00000000036c0000, 0x00000000053f0000, 0x00000000126c0000]
 total_blobs=10407 nmethods=9579 adapters=739
 compilation: enabled

Compilation events (10 events):
Event: 28.428 Thread 0x000000001a6be000 10948       3       org.gradle.internal.serialize.AbstractEncoder::writeBytes (9 bytes)
Event: 28.428 Thread 0x000000001a6be000 nmethod 10948 0x0000000004e2ca90 code [0x0000000004e2cc00, 0x0000000004e2ce28]
Event: 28.429 Thread 0x000000001a6be000 10951       3       java.io.ObjectStreamClass::access$1700 (8 bytes)
Event: 28.429 Thread 0x000000001a6be000 nmethod 10951 0x00000000053b7150 code [0x00000000053b72c0, 0x00000000053b7428]
Event: 28.429 Thread 0x000000001a6be000 10952   !   3       java.io.ObjectStreamClass::getPrivateMethod (56 bytes)
Event: 28.429 Thread 0x000000001a6be000 nmethod 10952 0x0000000004e29d10 code [0x0000000004e29ec0, 0x0000000004e2a568]
Event: 28.430 Thread 0x000000001a6b5000 10953       4       org.gradle.api.internal.artifacts.ivyservice.dependencysubstitution.DefaultDependencySubstitutions::module (14 bytes)
Event: 28.430 Thread 0x000000001a6ae800 10954       4       java.util.ArrayList$SubList::iterator (5 bytes)
Event: 28.430 Thread 0x000000001a6ac000 10955       4       java.util.ArrayList$SubList$1::<init> (47 bytes)
Event: 28.431 Thread 0x000000001a6be000 10957       3       com.google.common.base.CaseFormat$5::normalizeWord (5 bytes)

GC Heap History (10 events):
Event: 7.969 GC heap before
{Heap before GC invocations=14 (full 2):
 PSYoungGen      total 150528K, used 121106K [0x00000000d5580000, 0x00000000e1400000, 0x0000000100000000)
  eden space 138752K, 78% used [0x00000000d5580000,0x00000000dc0495a0,0x00000000ddd00000)
  from space 11776K, 99% used [0x00000000ddd00000,0x00000000de87b420,0x00000000de880000)
  to   space 16896K, 0% used [0x00000000e0380000,0x00000000e0380000,0x00000000e1400000)
 ParOldGen       total 89600K, used 25510K [0x0000000080000000, 0x0000000085780000, 0x00000000d5580000)
  object space 89600K, 28% used [0x0000000080000000,0x00000000818e9958,0x0000000085780000)
 Metaspace       used 56761K, capacity 59111K, committed 59160K, reserved 1099776K
  class space    used 7855K, capacity 8320K, committed 8320K, reserved 1048576K
Event: 7.990 GC heap after
Heap after GC invocations=14 (full 2):
 PSYoungGen      total 173568K, used 16876K [0x00000000d5580000, 0x00000000e2880000, 0x0000000100000000)
  eden space 156672K, 0% used [0x00000000d5580000,0x00000000d5580000,0x00000000dee80000)
  from space 16896K, 99% used [0x00000000e0380000,0x00000000e13fb190,0x00000000e1400000)
  to   space 21504K, 0% used [0x00000000dee80000,0x00000000dee80000,0x00000000e0380000)
 ParOldGen       total 89600K, used 32341K [0x0000000080000000, 0x0000000085780000, 0x00000000d5580000)
  object space 89600K, 36% used [0x0000000080000000,0x0000000081f954a8,0x0000000085780000)
 Metaspace       used 56761K, capacity 59111K, committed 59160K, reserved 1099776K
  class space    used 7855K, capacity 8320K, committed 8320K, reserved 1048576K
}
Event: 7.990 GC heap before
{Heap before GC invocations=15 (full 3):
 PSYoungGen      total 173568K, used 16876K [0x00000000d5580000, 0x00000000e2880000, 0x0000000100000000)
  eden space 156672K, 0% used [0x00000000d5580000,0x00000000d5580000,0x00000000dee80000)
  from space 16896K, 99% used [0x00000000e0380000,0x00000000e13fb190,0x00000000e1400000)
  to   space 21504K, 0% used [0x00000000dee80000,0x00000000dee80000,0x00000000e0380000)
 ParOldGen       total 89600K, used 32341K [0x0000000080000000, 0x0000000085780000, 0x00000000d5580000)
  object space 89600K, 36% used [0x0000000080000000,0x0000000081f954a8,0x0000000085780000)
 Metaspace       used 56761K, capacity 59111K, committed 59160K, reserved 1099776K
  class space    used 7855K, capacity 8320K, committed 8320K, reserved 1048576K
Event: 8.232 GC heap after
Heap after GC invocations=15 (full 3):
 PSYoungGen      total 173568K, used 0K [0x00000000d5580000, 0x00000000e2880000, 0x0000000100000000)
  eden space 156672K, 0% used [0x00000000d5580000,0x00000000d5580000,0x00000000dee80000)
  from space 16896K, 0% used [0x00000000e0380000,0x00000000e0380000,0x00000000e1400000)
  to   space 21504K, 0% used [0x00000000dee80000,0x00000000dee80000,0x00000000e0380000)
 ParOldGen       total 146432K, used 37879K [0x0000000080000000, 0x0000000088f00000, 0x00000000d5580000)
  object space 146432K, 25% used [0x0000000080000000,0x00000000824fdc70,0x0000000088f00000)
 Metaspace       used 56724K, capacity 58985K, committed 59160K, reserved 1099776K
  class space    used 7843K, capacity 8299K, committed 8320K, reserved 1048576K
}
Event: 10.423 GC heap before
{Heap before GC invocations=16 (full 3):
 PSYoungGen      total 173568K, used 156672K [0x00000000d5580000, 0x00000000e2880000, 0x0000000100000000)
  eden space 156672K, 100% used [0x00000000d5580000,0x00000000dee80000,0x00000000dee80000)
  from space 16896K, 0% used [0x00000000e0380000,0x00000000e0380000,0x00000000e1400000)
  to   space 21504K, 0% used [0x00000000dee80000,0x00000000dee80000,0x00000000e0380000)
 ParOldGen       total 146432K, used 37879K [0x0000000080000000, 0x0000000088f00000, 0x00000000d5580000)
  object space 146432K, 25% used [0x0000000080000000,0x00000000824fdc70,0x0000000088f00000)
 Metaspace       used 65022K, capacity 67911K, committed 68224K, reserved 1107968K
  class space    used 9124K, capacity 9744K, committed 9856K, reserved 1048576K
Event: 10.439 GC heap after
Heap after GC invocations=16 (full 3):
 PSYoungGen      total 178176K, used 19331K [0x00000000d5580000, 0x00000000e3580000, 0x0000000100000000)
  eden space 156672K, 0% used [0x00000000d5580000,0x00000000d5580000,0x00000000dee80000)
  from space 21504K, 89% used [0x00000000dee80000,0x00000000e0160cb0,0x00000000e0380000)
  to   space 23552K, 0% used [0x00000000e1e80000,0x00000000e1e80000,0x00000000e3580000)
 ParOldGen       total 146432K, used 37887K [0x0000000080000000, 0x0000000088f00000, 0x00000000d5580000)
  object space 146432K, 25% used [0x0000000080000000,0x00000000824ffc70,0x0000000088f00000)
 Metaspace       used 65022K, capacity 67911K, committed 68224K, reserved 1107968K
  class space    used 9124K, capacity 9744K, committed 9856K, reserved 1048576K
}
Event: 12.207 GC heap before
{Heap before GC invocations=17 (full 3):
 PSYoungGen      total 178176K, used 176003K [0x00000000d5580000, 0x00000000e3580000, 0x0000000100000000)
  eden space 156672K, 100% used [0x00000000d5580000,0x00000000dee80000,0x00000000dee80000)
  from space 21504K, 89% used [0x00000000dee80000,0x00000000e0160cb0,0x00000000e0380000)
  to   space 23552K, 0% used [0x00000000e1e80000,0x00000000e1e80000,0x00000000e3580000)
 ParOldGen       total 146432K, used 37887K [0x0000000080000000, 0x0000000088f00000, 0x00000000d5580000)
  object space 146432K, 25% used [0x0000000080000000,0x00000000824ffc70,0x0000000088f00000)
 Metaspace       used 68984K, capacity 72497K, committed 72704K, reserved 1112064K
  class space    used 9663K, capacity 10413K, committed 10496K, reserved 1048576K
Event: 12.235 GC heap after
Heap after GC invocations=17 (full 3):
 PSYoungGen      total 199168K, used 23545K [0x00000000d5580000, 0x00000000e4380000, 0x0000000100000000)
  eden space 175616K, 0% used [0x00000000d5580000,0x00000000d5580000,0x00000000e0100000)
  from space 23552K, 99% used [0x00000000e1e80000,0x00000000e357e4d0,0x00000000e3580000)
  to   space 30208K, 0% used [0x00000000e0100000,0x00000000e0100000,0x00000000e1e80000)
 ParOldGen       total 146432K, used 46245K [0x0000000080000000, 0x0000000088f00000, 0x00000000d5580000)
  object space 146432K, 31% used [0x0000000080000000,0x0000000082d29488,0x0000000088f00000)
 Metaspace       used 68984K, capacity 72497K, committed 72704K, reserved 1112064K
  class space    used 9663K, capacity 10413K, committed 10496K, reserved 1048576K
}
Event: 14.027 GC heap before
{Heap before GC invocations=18 (full 3):
 PSYoungGen      total 199168K, used 199161K [0x00000000d5580000, 0x00000000e4380000, 0x0000000100000000)
  eden space 175616K, 100% used [0x00000000d5580000,0x00000000e0100000,0x00000000e0100000)
  from space 23552K, 99% used [0x00000000e1e80000,0x00000000e357e4d0,0x00000000e3580000)
  to   space 30208K, 0% used [0x00000000e0100000,0x00000000e0100000,0x00000000e1e80000)
 ParOldGen       total 146432K, used 46245K [0x0000000080000000, 0x0000000088f00000, 0x00000000d5580000)
  object space 146432K, 31% used [0x0000000080000000,0x0000000082d29488,0x0000000088f00000)
 Metaspace       used 74802K, capacity 78501K, committed 78720K, reserved 1116160K
  class space    used 10394K, capacity 11133K, committed 11136K, reserved 1048576K
Event: 14.053 GC heap after
Heap after GC invocations=18 (full 3):
 PSYoungGen      total 205824K, used 18837K [0x00000000d5580000, 0x00000000e5a00000, 0x0000000100000000)
  eden space 175616K, 0% used [0x00000000d5580000,0x00000000d5580000,0x00000000e0100000)
  from space 30208K, 62% used [0x00000000e0100000,0x00000000e13657f8,0x00000000e1e80000)
  to   space 30720K, 0% used [0x00000000e3c00000,0x00000000e3c00000,0x00000000e5a00000)
 ParOldGen       total 146432K, used 67424K [0x0000000080000000, 0x0000000088f00000, 0x00000000d5580000)
  object space 146432K, 46% used [0x0000000080000000,0x00000000841d82e8,0x0000000088f00000)
 Metaspace       used 74802K, capacity 78501K, committed 78720K, reserved 1116160K
  class space    used 10394K, capacity 11133K, committed 11136K, reserved 1048576K
}

Deoptimization events (10 events):
Event: 15.329 Thread 0x0000000021d41000 Uncommon trap: reason=unstable_if action=reinterpret pc=0x00000000051a1f34 method=java.io.BufferedInputStream.fill()V @ 9
Event: 21.629 Thread 0x000000001cdf6800 Uncommon trap: reason=speculate_class_check action=maybe_recompile pc=0x0000000004b7fed8 method=java.util.AbstractList.listIterator()Ljava/util/ListIterator; @ 2
Event: 28.418 Thread 0x0000000021d39800 Uncommon trap: reason=class_check action=maybe_recompile pc=0x000000000539d1fc method=org.gradle.internal.vfs.impl.DefaultVirtualFileSystem.readLocation(Ljava/lang/String;)Lorg/gradle/internal/snapshot/CompleteFileSystemLocationSnapshot; @ 8
Event: 28.419 Thread 0x0000000021d39800 Uncommon trap: reason=unstable_if action=reinterpret pc=0x0000000004e14c24 method=com.google.common.collect.MapMakerInternalMap$Segment.drainKeyReferenceQueue(Ljava/lang/ref/ReferenceQueue;)V @ 8
Event: 28.426 Thread 0x0000000021d38000 Uncommon trap: reason=unstable_if action=reinterpret pc=0x0000000004e0f5ac method=com.esotericsoftware.kryo.io.Output.writeString(Ljava/lang/CharSequence;)V @ 50
Event: 28.426 Thread 0x0000000021d38000 Uncommon trap: reason=unstable_if action=reinterpret pc=0x0000000004292524 method=com.esotericsoftware.kryo.io.Output.writeString(Ljava/lang/CharSequence;)V @ 50
Event: 28.428 Thread 0x0000000021d38000 Uncommon trap: reason=predicate action=maybe_recompile pc=0x0000000004010ac8 method=java.util.Collections.indexedBinarySearch(Ljava/util/List;Ljava/lang/Object;)I @ 16
Event: 28.428 Thread 0x0000000021d38000 Uncommon trap: reason=unstable_if action=reinterpret pc=0x0000000004dad8ec method=org.gradle.internal.io.StreamByteBuffer.prepareRead()I @ 30
Event: 28.429 Thread 0x0000000021d39800 Uncommon trap: reason=class_check action=maybe_recompile pc=0x000000000539d224 method=org.gradle.internal.vfs.impl.DefaultSnapshotHierarchy.getMetadata(Ljava/lang/String;)Ljava/util/Optional; @ 9
Event: 28.429 Thread 0x0000000021d39800 Uncommon trap: reason=class_check action=maybe_recompile pc=0x000000000535149c method=org.gradle.internal.vfs.impl.DefaultSnapshotHierarchy.getMetadata(Ljava/lang/String;)Ljava/util/Optional; @ 9

Internal exceptions (10 events):
Event: 15.187 Thread 0x0000000021d39800 Exception <a 'java/lang/NoSuchMethodError': <clinit>> (0x00000000d5b747d8) thrown at [C:\re\workspace\8-2-build-windows-amd64-cygwin\jdk8u151\9699\hotspot\src\share\vm\prims\jni.cpp, line 1613]
Event: 15.191 Thread 0x0000000021d39800 Exception <a 'java/lang/NoSuchMethodError': <clinit>> (0x00000000d5b9abf8) thrown at [C:\re\workspace\8-2-build-windows-amd64-cygwin\jdk8u151\9699\hotspot\src\share\vm\prims\jni.cpp, line 1613]
Event: 15.203 Thread 0x0000000021d3c000 Exception <a 'java/lang/InterruptedException'> (0x00000000d5c67f50) thrown at [C:\re\workspace\8-2-build-windows-amd64-cygwin\jdk8u151\9699\hotspot\src\share\vm\runtime\objectMonitor.cpp, line 1684]
Event: 15.219 Thread 0x0000000021d39800 Exception <a 'java/lang/NoSuchMethodError': <clinit>> (0x00000000d5bdb268) thrown at [C:\re\workspace\8-2-build-windows-amd64-cygwin\jdk8u151\9699\hotspot\src\share\vm\prims\jni.cpp, line 1613]
Event: 15.220 Thread 0x0000000021d39800 Exception <a 'java/lang/NoSuchMethodError': <clinit>> (0x00000000d5be90e8) thrown at [C:\re\workspace\8-2-build-windows-amd64-cygwin\jdk8u151\9699\hotspot\src\share\vm\prims\jni.cpp, line 1613]
Event: 15.221 Thread 0x0000000021d39800 Exception <a 'java/lang/NoSuchMethodError': <clinit>> (0x00000000d5bf91e8) thrown at [C:\re\workspace\8-2-build-windows-amd64-cygwin\jdk8u151\9699\hotspot\src\share\vm\prims\jni.cpp, line 1613]
Event: 15.229 Thread 0x0000000021d39800 Exception <a 'java/lang/NoSuchMethodError': <clinit>> (0x00000000d5c1f428) thrown at [C:\re\workspace\8-2-build-windows-amd64-cygwin\jdk8u151\9699\hotspot\src\share\vm\prims\jni.cpp, line 1613]
Event: 15.254 Thread 0x0000000021d39800 Exception <a 'java/lang/NoSuchMethodError': <clinit>> (0x00000000d5de2478) thrown at [C:\re\workspace\8-2-build-windows-amd64-cygwin\jdk8u151\9699\hotspot\src\share\vm\prims\jni.cpp, line 1613]
Event: 15.260 Thread 0x0000000021d39800 Exception <a 'java/lang/NoSuchMethodError': <clinit>> (0x00000000d5e93f60) thrown at [C:\re\workspace\8-2-build-windows-amd64-cygwin\jdk8u151\9699\hotspot\src\share\vm\prims\jni.cpp, line 1613]
Event: 24.539 Thread 0x000000002100c000 Exception <a 'java/lang/NoSuchMethodError': java.lang.Object.lambda$comparingInt$7b0bb60$1(Ljava/util/function/ToIntFunction;Ljava/lang/Object;Ljava/lang/Object;)I> (0x00000000d6303610) thrown at [C:\re\workspace\8-2-build-windows-amd64-cygwin\jdk8u151\96

Events (10 events):
Event: 28.428 loading class com/google/common/collect/ImmutableList$SerializedForm
Event: 28.428 loading class com/google/common/collect/ImmutableList$SerializedForm done
Event: 28.428 Thread 0x0000000021d38000 DEOPT PACKING pc=0x0000000004dad8ec sp=0x000000002fd6e000
Event: 28.428 Thread 0x0000000021d38000 DEOPT UNPACKING pc=0x000000000370582a sp=0x000000002fd6df98 mode 2
Event: 28.429 Thread 0x0000000021d39800 Uncommon trap: trap_request=0xffffffde fr.pc=0x000000000539d224
Event: 28.429 Thread 0x0000000021d39800 DEOPT PACKING pc=0x000000000539d224 sp=0x000000002f96ce80
Event: 28.429 Thread 0x0000000021d39800 DEOPT UNPACKING pc=0x000000000370582a sp=0x000000002f96ccc0 mode 2
Event: 28.429 Thread 0x0000000021d39800 Uncommon trap: trap_request=0xffffffde fr.pc=0x000000000535149c
Event: 28.429 Thread 0x0000000021d39800 DEOPT PACKING pc=0x000000000535149c sp=0x000000002f96cb20
Event: 28.429 Thread 0x0000000021d39800 DEOPT UNPACKING pc=0x000000000370582a sp=0x000000002f96ca58 mode 2


Dynamic libraries:
0x00007ff6f8b80000 - 0x00007ff6f8bb7000 	D:\JAVA\jdk.1.8\bin\java.exe
0x00007ffb2d6f0000 - 0x00007ffb2d8e5000 	C:\WINDOWS\SYSTEM32\ntdll.dll
0x00007ffb2c630000 - 0x00007ffb2c6ed000 	C:\WINDOWS\System32\KERNEL32.DLL
0x00007ffb2b100000 - 0x00007ffb2b3c8000 	C:\WINDOWS\System32\KERNELBASE.dll
0x00007ffb2d290000 - 0x00007ffb2d33c000 	C:\WINDOWS\System32\ADVAPI32.dll
0x00007ffb2c7e0000 - 0x00007ffb2c87e000 	C:\WINDOWS\System32\msvcrt.dll
0x00007ffb2bdd0000 - 0x00007ffb2be6b000 	C:\WINDOWS\System32\sechost.dll
0x00007ffb2bbb0000 - 0x00007ffb2bcdb000 	C:\WINDOWS\System32\RPCRT4.dll
0x00007ffb2b820000 - 0x00007ffb2b9c0000 	C:\WINDOWS\System32\USER32.dll
0x00007ffb2af90000 - 0x00007ffb2afb2000 	C:\WINDOWS\System32\win32u.dll
0x00007ffb2bda0000 - 0x00007ffb2bdca000 	C:\WINDOWS\System32\GDI32.dll
0x00007ffb2afc0000 - 0x00007ffb2b0cb000 	C:\WINDOWS\System32\gdi32full.dll
0x00007ffb2b3d0000 - 0x00007ffb2b46d000 	C:\WINDOWS\System32\msvcp_win.dll
0x00007ffb2ae90000 - 0x00007ffb2af90000 	C:\WINDOWS\System32\ucrtbase.dll
0x00007ffb11080000 - 0x00007ffb1131a000 	C:\WINDOWS\WinSxS\amd64_microsoft.windows.common-controls_6595b64144ccf1df_6.0.19041.844_none_ca00b6081b84eb1d\COMCTL32.dll
0x00007ffb2c880000 - 0x00007ffb2c8b0000 	C:\WINDOWS\System32\IMM32.DLL
0x00000000551a0000 - 0x0000000055272000 	D:\JAVA\jdk.1.8\jre\bin\msvcr100.dll
0x0000000053b00000 - 0x000000005439d000 	D:\JAVA\jdk.1.8\jre\bin\server\jvm.dll
0x00007ffb2c7d0000 - 0x00007ffb2c7d8000 	C:\WINDOWS\System32\PSAPI.DLL
0x00007ffb0b130000 - 0x00007ffb0b139000 	C:\WINDOWS\SYSTEM32\WSOCK32.dll
0x00007ffb24af0000 - 0x00007ffb24afa000 	C:\WINDOWS\SYSTEM32\VERSION.dll
0x00007ffb2be70000 - 0x00007ffb2bedb000 	C:\WINDOWS\System32\WS2_32.dll
0x00007ffb13930000 - 0x00007ffb13957000 	C:\WINDOWS\SYSTEM32\WINMM.dll
0x0000000055190000 - 0x000000005519f000 	D:\JAVA\jdk.1.8\jre\bin\verify.dll
0x0000000055160000 - 0x0000000055189000 	D:\JAVA\jdk.1.8\jre\bin\java.dll
0x0000000055140000 - 0x0000000055156000 	D:\JAVA\jdk.1.8\jre\bin\zip.dll
0x00007ffb2bee0000 - 0x00007ffb2c622000 	C:\WINDOWS\System32\SHELL32.dll
0x00007ffb28f70000 - 0x00007ffb29701000 	C:\WINDOWS\SYSTEM32\windows.storage.dll
0x00007ffb2c910000 - 0x00007ffb2cc65000 	C:\WINDOWS\System32\combase.dll
0x00007ffb2a8a0000 - 0x00007ffb2a8cc000 	C:\WINDOWS\SYSTEM32\Wldp.dll
0x00007ffb2b770000 - 0x00007ffb2b81e000 	C:\WINDOWS\System32\SHCORE.dll
0x00007ffb2bb50000 - 0x00007ffb2bba5000 	C:\WINDOWS\System32\shlwapi.dll
0x00007ffb2ad70000 - 0x00007ffb2ad8f000 	C:\WINDOWS\SYSTEM32\profapi.dll
0x0000000055120000 - 0x000000005513a000 	D:\JAVA\jdk.1.8\jre\bin\net.dll
0x00007ffb2a610000 - 0x00007ffb2a67a000 	C:\WINDOWS\system32\mswsock.dll
0x0000000055100000 - 0x0000000055111000 	D:\JAVA\jdk.1.8\jre\bin\nio.dll
0x00007ffb181d0000 - 0x00007ffb181f7000 	C:\Users\Leo\.gradle\native\f6784746aeab05261644944871eae4fe03e0ef1612fff0a4a95f87b438bc6780\windows-amd64\native-platform.dll
0x00000000550f0000 - 0x00000000550fd000 	D:\JAVA\jdk.1.8\jre\bin\management.dll
0x00007ffb2a7e0000 - 0x00007ffb2a7f8000 	C:\WINDOWS\SYSTEM32\CRYPTSP.dll
0x00007ffb29f40000 - 0x00007ffb29f74000 	C:\WINDOWS\system32\rsaenh.dll
0x00007ffb2b0d0000 - 0x00007ffb2b0f7000 	C:\WINDOWS\System32\bcrypt.dll
0x00007ffb2acf0000 - 0x00007ffb2ad1e000 	C:\WINDOWS\SYSTEM32\USERENV.dll
0x00007ffb2b680000 - 0x00007ffb2b700000 	C:\WINDOWS\System32\bcryptprimitives.dll
0x00007ffb2a800000 - 0x00007ffb2a80c000 	C:\WINDOWS\SYSTEM32\CRYPTBASE.dll
0x00007ffb2a2b0000 - 0x00007ffb2a2eb000 	C:\WINDOWS\SYSTEM32\IPHLPAPI.DLL
0x00007ffb2d5d0000 - 0x00007ffb2d5d8000 	C:\WINDOWS\System32\NSI.dll
0x00007ffb23500000 - 0x00007ffb23517000 	C:\WINDOWS\SYSTEM32\dhcpcsvc6.DLL
0x00007ffb24960000 - 0x00007ffb2497d000 	C:\WINDOWS\SYSTEM32\dhcpcsvc.DLL
0x00007ffb2a300000 - 0x00007ffb2a3cc000 	C:\WINDOWS\SYSTEM32\DNSAPI.dll
0x00007ffb26690000 - 0x00007ffb2669b000 	C:\WINDOWS\SYSTEM32\WINNSI.DLL
0x00007ffb15470000 - 0x00007ffb1548e000 	C:\Users\Leo\AppData\Local\Temp\native-platform3488147101001278776dir\native-platform.dll

VM Arguments:
jvm_args: -Xmx2048m -Dfile.encoding=UTF-8 -Duser.country=CN -Duser.language=zh -Duser.variant 
java_command: org.gradle.launcher.daemon.bootstrap.GradleDaemon 6.5
java_class_path (initial): C:\Users\Leo\.gradle\wrapper\dists\gradle-6.5-bin\6nifqtx7604sqp1q6g8wikw7p\gradle-6.5\lib\gradle-launcher-6.5.jar
Launcher Type: SUN_STANDARD

Environment Variables:
JAVA_HOME=D:\JAVA\jdk.1.8
CLASSPATH=.;D:\JAVA\jdk.1.8\lib;D:\JAVA\jdk.1.8\lib\tools.jar
PATH=D:\Android_SDK\platform-tools;C:\ProgramData\Oracle\Java\javapath;C:\Windows\system32;C:\Windows;C:\Windows\System32\Wbem;C:\Windows\System32\WindowsPowerShell\v1.0\;C:\Windows\System32\OpenSSH\;C:\Program Files\Intel\WiFi\bin\;C:\Program Files\Common Files\Intel\WirelessCommon\;C:\Program Files (x86)\NVIDIA Corporation\PhysX\Common;C:\Program Files\NVIDIA Corporation\NVIDIA NvDLISR;C:\WINDOWS\system32;C:\WINDOWS;C:\WINDOWS\System32\Wbem;C:\WINDOWS\System32\WindowsPowerShell\v1.0\;C:\WINDOWS\System32\OpenSSH\;D:\JAVA\jdk.1.8\bin;D:\JAVA\jdk.1.8\jre\bin;D:\mysql\bin;C:\Program Files\Git\cmd;C:\Users\Leo\AppData\Local\Microsoft\WindowsApps;D:\Bandizip\;
USERNAME=Leo
OS=Windows_NT
PROCESSOR_IDENTIFIER=Intel64 Family 6 Model 158 Stepping 10, GenuineIntel



---------------  S Y S T E M  ---------------

OS: Windows 10.0 , 64 bit Build 19041 (10.0.19041.928)

CPU:total 8 (initial active 8) (4 cores per cpu, 2 threads per core) family 6 model 158 stepping 10, cmov, cx8, fxsr, mmx, sse, sse2, sse3, ssse3, sse4.1, sse4.2, popcnt, avx, avx2, aes, clmul, erms, 3dnowpref, lzcnt, ht, tsc, tscinvbit, bmi1, bmi2, adx

Memory: 4k page, physical 8164900k(400780k free), swap 18650632k(0k free)

vm_info: Java HotSpot(TM) 64-Bit Server VM (25.151-b12) for windows-amd64 JRE (1.8.0_151-b12), built on Sep  5 2017 19:33:46 by "java_re" with MS VC++ 10.0 (VS2010)

time: Tue Apr 27 20:45:15 2021
elapsed time: 28 seconds (0d 0h 0m 28s)

