#
# There is insufficient memory for the Java Runtime Environment to continue.
# Native memory allocation (malloc) failed to allocate 32744 bytes for ChunkPool::allocate
# Possible reasons:
#   The system is out of physical RAM or swap space
#   In 32 bit mode, the process size limit was hit
# Possible solutions:
#   Reduce memory load on the system
#   Increase physical memory or swap space
#   Check if swap backing store is full
#   Use 64 bit Java on a 64 bit OS
#   Decrease Java heap size (-Xmx/-Xms)
#   Decrease number of Java threads
#   Decrease Java thread stack sizes (-Xss)
#   Set larger code cache with -XX:ReservedCodeCacheSize=
# This output file may be truncated or incomplete.
#
#  Out of Memory Error (allocation.cpp:273), pid=12536, tid=0x0000000000002274
#
# JRE version: Java(TM) SE Runtime Environment (8.0_151-b12) (build 1.8.0_151-b12)
# Java VM: Java HotSpot(TM) 64-Bit Server VM (25.151-b12 mixed mode windows-amd64 compressed oops)
# Failed to write core dump. Minidumps are not enabled by default on client versions of Windows
#

---------------  T H R E A D  ---------------

Current thread (0x000000000285d800):  JavaThread "main" [_thread_in_vm, id=8820, stack(0x0000000002bd0000,0x0000000002cd0000)]

Stack: [0x0000000002bd0000,0x0000000002cd0000]
[error occurred during error reporting (printing stack bounds), id 0xc0000005]

Native frames: (J=compiled Java code, j=interpreted, Vv=VM code, C=native code)

Java frames: (J=compiled Java code, j=interpreted, Vv=VM code)
J 505  java.lang.ClassLoader.defineClass1(Ljava/lang/String;[BIILjava/security/ProtectionDomain;Ljava/lang/String;)Ljava/lang/Class; (0 bytes) @ 0x000000000300d19f [0x000000000300d100+0x9f]
J 489 C1 java.lang.ClassLoader.defineClass(Ljava/lang/String;[BIILjava/security/ProtectionDomain;)Ljava/lang/Class; (43 bytes) @ 0x0000000003008c24 [0x0000000003008640+0x5e4]
J 1970 C1 java.security.SecureClassLoader.defineClass(Ljava/lang/String;[BIILjava/security/CodeSource;)Ljava/lang/Class; (16 bytes) @ 0x00000000033c9114 [0x00000000033c8fc0+0x154]
J 1687 C2 java.net.URLClassLoader$1.run()Ljava/lang/Object; (5 bytes) @ 0x00000000033cf68c [0x00000000033cdc00+0x1a8c]
v  ~StubRoutines::call_stub
J 310  java.security.AccessController.doPrivileged(Ljava/security/PrivilegedExceptionAction;Ljava/security/AccessControlContext;)Ljava/lang/Object; (0 bytes) @ 0x0000000002f84da6 [0x0000000002f84d40+0x66]
J 1667 C2 java.net.URLClassLoader.findClass(Ljava/lang/String;)Ljava/lang/Class; (47 bytes) @ 0x00000000032e83b0 [0x00000000032e8320+0x90]
J 1618 C2 java.lang.ClassLoader.loadClass(Ljava/lang/String;Z)Ljava/lang/Class; (122 bytes) @ 0x00000000032cd11c [0x00000000032cc700+0xa1c]
J 2654 C2 java.lang.ClassLoader.loadClass(Ljava/lang/String;)Ljava/lang/Class; (7 bytes) @ 0x00000000035e55dc [0x00000000035e5440+0x19c]
v  ~StubRoutines::call_stub
j  org.jetbrains.kotlin.resolve.QualifiedExpressionResolver.doProcessImportReference(Lorg/jetbrains/kotlin/psi/KtImportInfo;Lorg/jetbrains/kotlin/descriptors/ModuleDescriptor;Lorg/jetbrains/kotlin/resolve/BindingTrace;Ljava/util/Collection;Lorg/jetbrains/kotlin/descriptors/PackageFragmentDescriptor;)Lorg/jetbrains/kotlin/resolve/scopes/ImportingScope;+204
j  org.jetbrains.kotlin.resolve.QualifiedExpressionResolver.processImportReference$processReferenceInContextOf(Lorg/jetbrains/kotlin/resolve/QualifiedExpressionResolver;Lorg/jetbrains/kotlin/psi/KtImportInfo;Lorg/jetbrains/kotlin/resolve/BindingTrace;Ljava/util/Collection;Lorg/jetbrains/kotlin/descriptors/PackageFragmentDescriptor;Lorg/jetbrains/kotlin/descriptors/ModuleDescriptor;)Lorg/jetbrains/kotlin/resolve/scopes/ImportingScope;+8
j  org.jetbrains.kotlin.resolve.QualifiedExpressionResolver.processImportReference(Lorg/jetbrains/kotlin/psi/KtImportInfo;Lorg/jetbrains/kotlin/descriptors/ModuleDescriptor;Lorg/jetbrains/kotlin/resolve/BindingTrace;Ljava/util/Collection;Lorg/jetbrains/kotlin/descriptors/PackageFragmentDescriptor;)Lorg/jetbrains/kotlin/resolve/scopes/ImportingScope;+36
j  org.jetbrains.kotlin.resolve.lazy.LazyImportResolver$importedScopesProvider$1$1.invoke(Lorg/jetbrains/kotlin/psi/KtImportInfo;)Lorg/jetbrains/kotlin/resolve/scopes/ImportingScope;+42
j  org.jetbrains.kotlin.resolve.lazy.LazyImportResolver$importedScopesProvider$1$1.invoke(Ljava/lang/Object;)Ljava/lang/Object;+5
J 2986 C1 org.jetbrains.kotlin.storage.LockBasedStorageManager$MapBasedMemoizedFunction.invoke(Ljava/lang/Object;)Ljava/lang/Object; (356 bytes) @ 0x0000000003731e64 [0x0000000003731420+0xa44]
j  org.jetbrains.kotlin.resolve.lazy.LazyImportResolver.getImportScope(Lorg/jetbrains/kotlin/psi/KtImportInfo;)Lorg/jetbrains/kotlin/resolve/scopes/ImportingScope;+11
j  org.jetbrains.kotlin.resolve.lazy.LazyImportResolver$allNames$2.invoke()Lgnu/trove/THashSet;+73
j  org.jetbrains.kotlin.resolve.lazy.LazyImportResolver$allNames$2.invoke()Ljava/lang/Object;+1
j  kotlin.SafePublicationLazyImpl.getValue()Ljava/lang/Object;+24
j  org.jetbrains.kotlin.resolve.lazy.LazyImportResolver.getAllNames()Ljava/util/Set;+8
j  org.jetbrains.kotlin.resolve.lazy.LazyImportResolver.definitelyDoesNotContainName(Lorg/jetbrains/kotlin/name/Name;)Z+7
j  org.jetbrains.kotlin.resolve.lazy.LazyImportScope.definitelyDoesNotContainName(Lorg/jetbrains/kotlin/name/Name;)Z+11
j  org.jetbrains.kotlin.resolve.calls.tower.TowerResolver$Task.mayFitForName(Lorg/jetbrains/kotlin/resolve/scopes/ResolutionScope;Lorg/jetbrains/kotlin/name/Name;)Z+2
j  org.jetbrains.kotlin.resolve.calls.tower.TowerResolver$Task.createNonLocalLevels(Lorg/jetbrains/kotlin/resolve/calls/tower/ImplicitScopeTower;)Ljava/util/Collection;+222
j  org.jetbrains.kotlin.resolve.calls.tower.TowerResolver$Task.access$createNonLocalLevels(Lorg/jetbrains/kotlin/resolve/calls/tower/TowerResolver$Task;Lorg/jetbrains/kotlin/resolve/calls/tower/ImplicitScopeTower;)Ljava/util/Collection;+2
j  org.jetbrains.kotlin.resolve.calls.tower.TowerResolver$Task$nonLocalLevels$2.invoke()Ljava/util/Collection;+11
j  org.jetbrains.kotlin.resolve.calls.tower.TowerResolver$Task$nonLocalLevels$2.invoke()Ljava/lang/Object;+1
J 3475 C1 kotlin.UnsafeLazyImpl.getValue()Ljava/lang/Object; (40 bytes) @ 0x00000000038d1fc4 [0x00000000038d1ea0+0x124]
j  org.jetbrains.kotlin.resolve.calls.tower.TowerResolver$Task.getNonLocalLevels()Ljava/util/Collection;+8
j  org.jetbrains.kotlin.resolve.calls.tower.TowerResolver$Task.processImplicitReceiver(Lorg/jetbrains/kotlin/resolve/scopes/receivers/ReceiverValueWithSmartCastInfo;Z)Ljava/util/Collection;+298
j  org.jetbrains.kotlin.resolve.calls.tower.TowerResolver$Task.run$processScope(Lorg/jetbrains/kotlin/resolve/calls/tower/TowerResolver$Task;Lorg/jetbrains/kotlin/resolve/scopes/HierarchicalScope;Z)Ljava/util/Collection;+135
j  org.jetbrains.kotlin.resolve.calls.tower.TowerResolver$Task.run()Ljava/util/Collection;+263
j  org.jetbrains.kotlin.resolve.calls.tower.TowerResolver.run(Lorg/jetbrains/kotlin/resolve/calls/tower/ImplicitScopeTower;Lorg/jetbrains/kotlin/resolve/calls/tower/ScopeTowerProcessor;Lorg/jetbrains/kotlin/resolve/calls/tower/TowerResolver$ResultCollector;ZLorg/jetbrains/kotlin/name/Name;)Ljava/util/Collection;+15
j  org.jetbrains.kotlin.resolve.calls.tower.TowerResolver.runResolve(Lorg/jetbrains/kotlin/resolve/calls/tower/ImplicitScopeTower;Lorg/jetbrains/kotlin/resolve/calls/tower/ScopeTowerProcessor;ZLorg/jetbrains/kotlin/name/Name;)Ljava/util/Collection;+35
j  org.jetbrains.kotlin.resolve.calls.KotlinCallResolver.resolveCall(Lorg/jetbrains/kotlin/resolve/calls/tower/ImplicitScopeTower;Lorg/jetbrains/kotlin/resolve/calls/components/KotlinResolutionCallbacks;Lorg/jetbrains/kotlin/resolve/calls/model/KotlinCall;Lorg/jetbrains/kotlin/types/UnwrappedType;ZLkotlin/jvm/functions/Function0;)Lorg/jetbrains/kotlin/resolve/calls/model/CallResolutionResult;+340
j  org.jetbrains.kotlin.resolve.calls.tower.PSICallResolver.runResolutionAndInference(Lorg/jetbrains/kotlin/resolve/calls/context/BasicCallResolutionContext;Lorg/jetbrains/kotlin/name/Name;Lorg/jetbrains/kotlin/resolve/calls/tower/NewResolutionOldInference$ResolutionKind;Lorg/jetbrains/kotlin/resolve/calls/tasks/TracingStrategy;)Lorg/jetbrains/kotlin/resolve/calls/results/OverloadResolutionResults;+169
j  org.jetbrains.kotlin.resolve.calls.CallResolver.doResolveCallOrGetCachedResults(Lorg/jetbrains/kotlin/resolve/calls/context/BasicCallResolutionContext;Lorg/jetbrains/kotlin/resolve/calls/CallResolver$ResolutionTask;Lorg/jetbrains/kotlin/resolve/calls/tasks/TracingStrategy;)Lorg/jetbrains/kotlin/resolve/calls/results/OverloadResolutionResults;+140
j  org.jetbrains.kotlin.resolve.calls.CallResolver.lambda$computeTasksAndResolveCall$0(Lorg/jetbrains/kotlin/resolve/calls/tower/NewResolutionOldInference$ResolutionKind;Lorg/jetbrains/kotlin/name/Name;Lorg/jetbrains/kotlin/resolve/calls/context/BasicCallResolutionContext;Lorg/jetbrains/kotlin/resolve/calls/tasks/TracingStrategy;)Lorg/jetbrains/kotlin/resolve/calls/results/OverloadResolutionResults;+19
j  org.jetbrains.kotlin.resolve.calls.CallResolver$$Lambda$137.invoke()Ljava/lang/Object;+20
j  org.jetbrains.kotlin.util.PerformanceCounter.time(Lkotlin/jvm/functions/Function0;)Ljava/lang/Object;+27
j  org.jetbrains.kotlin.resolve.calls.CallResolver.computeTasksAndResolveCall(Lorg/jetbrains/kotlin/resolve/calls/context/BasicCallResolutionContext;Lorg/jetbrains/kotlin/name/Name;Lorg/jetbrains/kotlin/resolve/calls/tasks/TracingStrategy;Lorg/jetbrains/kotlin/resolve/calls/tower/NewResolutionOldInference$ResolutionKind;)Lorg/jetbrains/kotlin/resolve/calls/results/OverloadResolutionResults;+51
j  org.jetbrains.kotlin.resolve.calls.CallResolver.computeTasksAndResolveCall(Lorg/jetbrains/kotlin/resolve/calls/context/BasicCallResolutionContext;Lorg/jetbrains/kotlin/name/Name;Lorg/jetbrains/kotlin/psi/KtReferenceExpression;Lorg/jetbrains/kotlin/resolve/calls/tower/NewResolutionOldInference$ResolutionKind;)Lorg/jetbrains/kotlin/resolve/calls/results/OverloadResolutionResults;+54
j  org.jetbrains.kotlin.resolve.calls.CallResolver.resolveSimpleProperty(Lorg/jetbrains/kotlin/resolve/calls/context/BasicCallResolutionContext;)Lorg/jetbrains/kotlin/resolve/calls/results/OverloadResolutionResults;+61
j  org.jetbrains.kotlin.resolve.calls.CallExpressionResolver.resolveSimpleName(Lorg/jetbrains/kotlin/types/expressions/ExpressionTypingContext;Lorg/jetbrains/kotlin/psi/KtSimpleNameExpression;Lorg/jetbrains/kotlin/resolve/calls/context/TemporaryTraceAndCache;)Lorg/jetbrains/kotlin/resolve/calls/results/OverloadResolutionResults;+53
j  org.jetbrains.kotlin.resolve.calls.CallExpressionResolver.access$resolveSimpleName(Lorg/jetbrains/kotlin/resolve/calls/CallExpressionResolver;Lorg/jetbrains/kotlin/types/expressions/ExpressionTypingContext;Lorg/jetbrains/kotlin/psi/KtSimpleNameExpression;Lorg/jetbrains/kotlin/resolve/calls/context/TemporaryTraceAndCache;)Lorg/jetbrains/kotlin/resolve/calls/results/OverloadResolutionResults;+4
j  org.jetbrains.kotlin.resolve.calls.CallExpressionResolver$elementChain$1.invoke(Lorg/jetbrains/kotlin/psi/KtSimpleNameExpression;)Z+39
j  org.jetbrains.kotlin.resolve.calls.CallExpressionResolver$elementChain$1.invoke(Ljava/lang/Object;)Ljava/lang/Object;+5
j  org.jetbrains.kotlin.resolve.QualifiedExpressionResolver.resolveToPackageOrClassPrefix(Ljava/util/List;Lorg/jetbrains/kotlin/descriptors/ModuleDescriptor;Lorg/jetbrains/kotlin/resolve/BindingTrace;Lorg/jetbrains/kotlin/descriptors/DeclarationDescriptor;Lorg/jetbrains/kotlin/resolve/scopes/LexicalScope;Lorg/jetbrains/kotlin/resolve/QualifierPosition;Lkotlin/jvm/functions/Function1;)Lkotlin/Pair;+167
j  org.jetbrains.kotlin.resolve.QualifiedExpressionResolver.resolveQualifierInExpressionAndUnroll(Lorg/jetbrains/kotlin/psi/KtQualifiedExpression;Lorg/jetbrains/kotlin/types/expressions/ExpressionTypingContext;Lkotlin/jvm/functions/Function1;)Ljava/util/List;+84
j  org.jetbrains.kotlin.resolve.calls.CallExpressionResolver.elementChain(Lorg/jetbrains/kotlin/psi/KtQualifiedExpression;Lorg/jetbrains/kotlin/types/expressions/ExpressionTypingContext;)Ljava/util/List;+18
j  org.jetbrains.kotlin.resolve.calls.CallExpressionResolver.getQualifiedExpressionTypeInfo(Lorg/jetbrains/kotlin/psi/KtQualifiedExpression;Lorg/jetbrains/kotlin/types/expressions/ExpressionTypingContext;)Lorg/jetbrains/kotlin/types/expressions/KotlinTypeInfo;+70
j  org.jetbrains.kotlin.types.expressions.BasicExpressionTypingVisitor.visitQualifiedExpression(Lorg/jetbrains/kotlin/psi/KtQualifiedExpression;Lorg/jetbrains/kotlin/types/expressions/ExpressionTypingContext;)Lorg/jetbrains/kotlin/types/expressions/KotlinTypeInfo;+20
j  org.jetbrains.kotlin.types.expressions.ExpressionTypingVisitorDispatcher.visitQualifiedExpression(Lorg/jetbrains/kotlin/psi/KtQualifiedExpression;Lorg/jetbrains/kotlin/types/expressions/ExpressionTypingContext;)Lorg/jetbrains/kotlin/types/expressions/KotlinTypeInfo;+15
j  org.jetbrains.kotlin.types.expressions.ExpressionTypingVisitorDispatcher$ForDeclarations.visitQualifiedExpression(Lorg/jetbrains/kotlin/psi/KtQualifiedExpression;Ljava/lang/Object;)Ljava/lang/Object;+6
j  org.jetbrains.kotlin.psi.KtVisitor.visitDotQualifiedExpression(Lorg/jetbrains/kotlin/psi/KtDotQualifiedExpression;Ljava/lang/Object;)Ljava/lang/Object;+12
j  org.jetbrains.kotlin.psi.KtDotQualifiedExpression.accept(Lorg/jetbrains/kotlin/psi/KtVisitor;Ljava/lang/Object;)Ljava/lang/Object;+9
j  org.jetbrains.kotlin.types.expressions.ExpressionTypingVisitorDispatcher.lambda$getTypeInfo$0(Lorg/jetbrains/kotlin/psi/KtExpression;Lorg/jetbrains/kotlin/types/expressions/ExpressionTypingContext;Lorg/jetbrains/kotlin/psi/KtVisitor;)Lorg/jetbrains/kotlin/types/expressions/KotlinTypeInfo;+43
j  org.jetbrains.kotlin.types.expressions.ExpressionTypingVisitorDispatcher$$Lambda$134.invoke()Ljava/lang/Object;+16
j  org.jetbrains.kotlin.util.PerformanceCounter.time(Lkotlin/jvm/functions/Function0;)Ljava/lang/Object;+27
j  org.jetbrains.kotlin.types.expressions.ExpressionTypingVisitorDispatcher.getTypeInfo(Lorg/jetbrains/kotlin/psi/KtExpression;Lorg/jetbrains/kotlin/types/expressions/ExpressionTypingContext;Lorg/jetbrains/kotlin/psi/KtVisitor;)Lorg/jetbrains/kotlin/types/expressions/KotlinTypeInfo;+24
j  org.jetbrains.kotlin.types.expressions.ExpressionTypingVisitorDispatcher.getTypeInfo(Lorg/jetbrains/kotlin/psi/KtExpression;Lorg/jetbrains/kotlin/types/expressions/ExpressionTypingContext;)Lorg/jetbrains/kotlin/types/expressions/KotlinTypeInfo;+13
j  org.jetbrains.kotlin.types.expressions.ExpressionTypingServices.getTypeInfo(Lorg/jetbrains/kotlin/psi/KtExpression;Lorg/jetbrains/kotlin/resolve/calls/context/ResolutionContext;)Lorg/jetbrains/kotlin/types/expressions/KotlinTypeInfo;+27
j  org.jetbrains.kotlin.resolve.calls.tower.PSICallResolver.resolveValueArgument(Lorg/jetbrains/kotlin/resolve/calls/context/BasicCallResolutionContext;Lorg/jetbrains/kotlin/resolve/calls/smartcasts/DataFlowInfo;Lorg/jetbrains/kotlin/psi/ValueArgument;Z)Lorg/jetbrains/kotlin/resolve/calls/tower/PSIKotlinCallArgument;+312
j  org.jetbrains.kotlin.resolve.calls.tower.PSICallResolver.resolveArgumentsInParenthesis(Lorg/jetbrains/kotlin/resolve/calls/context/BasicCallResolutionContext;Ljava/util/List;Z)Ljava/util/List;+119
j  org.jetbrains.kotlin.resolve.calls.tower.PSICallResolver.toKotlinCall(Lorg/jetbrains/kotlin/resolve/calls/context/BasicCallResolutionContext;Lorg/jetbrains/kotlin/resolve/calls/model/KotlinCallKind;Lorg/jetbrains/kotlin/psi/Call;Lorg/jetbrains/kotlin/name/Name;Lorg/jetbrains/kotlin/resolve/calls/tasks/TracingStrategy;ZLorg/jetbrains/kotlin/resolve/scopes/receivers/Receiver;)Lorg/jetbrains/kotlin/resolve/calls/tower/PSIKotlinCallImpl;+164
j  org.jetbrains.kotlin.resolve.calls.tower.PSICallResolver.runResolutionAndInferenceForGivenCandidates(Lorg/jetbrains/kotlin/resolve/calls/context/BasicCallResolutionContext;Ljava/util/Collection;Lorg/jetbrains/kotlin/resolve/calls/tasks/TracingStrategy;)Lorg/jetbrains/kotlin/resolve/calls/results/OverloadResolutionResults;+213
j  org.jetbrains.kotlin.resolve.calls.CallResolver.doResolveCallOrGetCachedResults(Lorg/jetbrains/kotlin/resolve/calls/context/BasicCallResolutionContext;Lorg/jetbrains/kotlin/resolve/calls/CallResolver$ResolutionTask;Lorg/jetbrains/kotlin/resolve/calls/tasks/TracingStrategy;)Lorg/jetbrains/kotlin/resolve/calls/results/OverloadResolutionResults;+208
j  org.jetbrains.kotlin.resolve.calls.CallResolver.lambda$computeTasksFromCandidatesAndResolvedCall$1(Ljava/util/Collection;Lorg/jetbrains/kotlin/resolve/calls/context/BasicCallResolutionContext;Lorg/jetbrains/kotlin/resolve/calls/tasks/TracingStrategy;)Lorg/jetbrains/kotlin/resolve/calls/results/OverloadResolutionResults;+24
j  org.jetbrains.kotlin.resolve.calls.CallResolver$$Lambda$133.invoke()Ljava/lang/Object;+16
j  org.jetbrains.kotlin.util.PerformanceCounter.time(Lkotlin/jvm/functions/Function0;)Ljava/lang/Object;+27
j  org.jetbrains.kotlin.resolve.calls.CallResolver.computeTasksFromCandidatesAndResolvedCall(Lorg/jetbrains/kotlin/resolve/calls/context/BasicCallResolutionContext;Ljava/util/Collection;Lorg/jetbrains/kotlin/resolve/calls/tasks/TracingStrategy;)Lorg/jetbrains/kotlin/resolve/calls/results/OverloadResolutionResults;+39
j  org.jetbrains.kotlin.resolve.calls.CallResolver.computeTasksFromCandidatesAndResolvedCall(Lorg/jetbrains/kotlin/resolve/calls/context/BasicCallResolutionContext;Lorg/jetbrains/kotlin/psi/KtReferenceExpression;Ljava/util/Collection;)Lorg/jetbrains/kotlin/resolve/calls/results/OverloadResolutionResults;+38
j  org.jetbrains.kotlin.resolve.calls.CallResolver.resolveConstructorCall(Lorg/jetbrains/kotlin/resolve/calls/context/BasicCallResolutionContext;Lorg/jetbrains/kotlin/psi/KtReferenceExpression;Lorg/jetbrains/kotlin/types/KotlinType;)Lorg/jetbrains/kotlin/resolve/calls/results/OverloadResolutionResults;+62
j  org.jetbrains.kotlin.resolve.calls.CallResolver.resolveCallForConstructor(Lorg/jetbrains/kotlin/resolve/calls/context/BasicCallResolutionContext;Lorg/jetbrains/kotlin/psi/KtConstructorCalleeExpression;)Lorg/jetbrains/kotlin/resolve/calls/results/OverloadResolutionResults;+263
j  org.jetbrains.kotlin.resolve.calls.CallResolver.resolveFunctionCall(Lorg/jetbrains/kotlin/resolve/calls/context/BasicCallResolutionContext;)Lorg/jetbrains/kotlin/resolve/calls/results/OverloadResolutionResults;+151
j  org.jetbrains.kotlin.resolve.calls.CallResolver.resolveFunctionCall(Lorg/jetbrains/kotlin/resolve/BindingTrace;Lorg/jetbrains/kotlin/resolve/scopes/LexicalScope;Lorg/jetbrains/kotlin/psi/Call;Lorg/jetbrains/kotlin/types/KotlinType;Lorg/jetbrains/kotlin/resolve/calls/smartcasts/DataFlowInfo;Z)Lorg/jetbrains/kotlin/resolve/calls/results/OverloadResolutionResults;+80
j  org.jetbrains.kotlin.resolve.AnnotationResolverImpl.resolveAnnotationCall(Lorg/jetbrains/kotlin/psi/KtAnnotationEntry;Lorg/jetbrains/kotlin/resolve/scopes/LexicalScope;Lorg/jetbrains/kotlin/resolve/BindingTrace;)Lorg/jetbrains/kotlin/resolve/calls/results/OverloadResolutionResults;+68
j  org.jetbrains.kotlin.resolve.lazy.descriptors.LazyAnnotationDescriptor$allValueArguments$2.invoke()Ljava/util/Map;+34
j  org.jetbrains.kotlin.resolve.lazy.descriptors.LazyAnnotationDescriptor$allValueArguments$2.invoke()Ljava/lang/Object;+1
J 2823 C1 org.jetbrains.kotlin.storage.LockBasedStorageManager$LockBasedLazyValue.invoke()Ljava/lang/Object; (257 bytes) @ 0x0000000003695e94 [0x0000000003695660+0x834]
J 2828 C1 org.jetbrains.kotlin.storage.LockBasedStorageManager$LockBasedNotNullLazyValue.invoke()Ljava/lang/Object; (35 bytes) @ 0x000000000369b3bc [0x000000000369b340+0x7c]
J 2847 C1 org.jetbrains.kotlin.storage.StorageKt.getValue(Lorg/jetbrains/kotlin/storage/NotNullLazyValue;Ljava/lang/Object;Lkotlin/reflect/KProperty;)Ljava/lang/Object; (19 bytes) @ 0x00000000036a48e4 [0x00000000036a41a0+0x744]
j  org.jetbrains.kotlin.resolve.lazy.descriptors.LazyAnnotationDescriptor.getAllValueArguments()Ljava/util/Map;+10
j  org.jetbrains.kotlin.resolve.lazy.descriptors.LazyAnnotationDescriptor.forceResolveAllContents()V+9
j  org.jetbrains.kotlin.resolve.lazy.ForceResolveUtil.doForceResolveAllContents(Ljava/lang/Object;)V+16
j  org.jetbrains.kotlin.resolve.lazy.ForceResolveUtil.forceResolveAllContents(Lorg/jetbrains/kotlin/descriptors/annotations/Annotations;)V+39
j  org.jetbrains.kotlin.resolve.LazyTopDownAnalyzer.createFunctionDescriptors(Lorg/jetbrains/kotlin/resolve/TopDownAnalysisContext;Ljava/util/List;)V+65
j  org.jetbrains.kotlin.resolve.LazyTopDownAnalyzer.analyzeDeclarations(Lorg/jetbrains/kotlin/resolve/TopDownAnalysisMode;Ljava/util/Collection;Lorg/jetbrains/kotlin/resolve/calls/smartcasts/DataFlowInfo;)Lorg/jetbrains/kotlin/resolve/TopDownAnalysisContext;+176
j  org.jetbrains.kotlin.resolve.LazyTopDownAnalyzer.analyzeDeclarations$default(Lorg/jetbrains/kotlin/resolve/LazyTopDownAnalyzer;Lorg/jetbrains/kotlin/resolve/TopDownAnalysisMode;Ljava/util/Collection;Lorg/jetbrains/kotlin/resolve/calls/smartcasts/DataFlowInfo;ILjava/lang/Object;)Lorg/jetbrains/kotlin/resolve/TopDownAnalysisContext;+18
j  org.jetbrains.kotlin.cli.jvm.compiler.TopDownAnalyzerFacadeForJVM.analyzeFilesWithJavaIntegration(Lorg/jetbrains/kotlin/com/intellij/openapi/project/Project;Ljava/util/Collection;Lorg/jetbrains/kotlin/resolve/BindingTrace;Lorg/jetbrains/kotlin/config/CompilerConfiguration;Lkotlin/jvm/functions/Function1;Lkotlin/jvm/functions/Function2;Lorg/jetbrains/kotlin/com/intellij/psi/search/GlobalSearchScope;Ljava/util/List;)Lorg/jetbrains/kotlin/analyzer/AnalysisResult;+257
j  org.jetbrains.kotlin.cli.jvm.compiler.TopDownAnalyzerFacadeForJVM.analyzeFilesWithJavaIntegration$default(Lorg/jetbrains/kotlin/com/intellij/openapi/project/Project;Ljava/util/Collection;Lorg/jetbrains/kotlin/resolve/BindingTrace;Lorg/jetbrains/kotlin/config/CompilerConfiguration;Lkotlin/jvm/functions/Function1;Lkotlin/jvm/functions/Function2;Lorg/jetbrains/kotlin/com/intellij/psi/search/GlobalSearchScope;Ljava/util/List;ILjava/lang/Object;)Lorg/jetbrains/kotlin/analyzer/AnalysisResult;+64
j  org.jetbrains.kotlin.cli.jvm.compiler.KotlinToJVMBytecodeCompiler$analyze$1.invoke()Lorg/jetbrains/kotlin/analyzer/AnalysisResult;+300
j  org.jetbrains.kotlin.cli.jvm.compiler.KotlinToJVMBytecodeCompiler$analyze$1.invoke()Ljava/lang/Object;+1
j  org.jetbrains.kotlin.cli.common.messages.AnalyzerWithCompilerReport.analyzeAndReport(Ljava/util/Collection;Lkotlin/jvm/functions/Function0;)V+16
j  org.jetbrains.kotlin.cli.jvm.compiler.KotlinToJVMBytecodeCompiler.analyze(Lorg/jetbrains/kotlin/cli/jvm/compiler/KotlinCoreEnvironment;)Lorg/jetbrains/kotlin/analyzer/AnalysisResult;+174
j  org.jetbrains.kotlin.cli.jvm.compiler.KotlinToJVMBytecodeCompiler.compileModules$cli(Lorg/jetbrains/kotlin/cli/jvm/compiler/KotlinCoreEnvironment;Ljava/io/File;Ljava/util/List;Z)Z+384
j  org.jetbrains.kotlin.cli.jvm.compiler.KotlinToJVMBytecodeCompiler.compileModules$cli$default(Lorg/jetbrains/kotlin/cli/jvm/compiler/KotlinToJVMBytecodeCompiler;Lorg/jetbrains/kotlin/cli/jvm/compiler/KotlinCoreEnvironment;Ljava/io/File;Ljava/util/List;ZILjava/lang/Object;)Z+17
j  org.jetbrains.kotlin.cli.jvm.K2JVMCompiler.doExecute(Lorg/jetbrains/kotlin/cli/common/arguments/K2JVMCompilerArguments;Lorg/jetbrains/kotlin/config/CompilerConfiguration;Lorg/jetbrains/kotlin/com/intellij/openapi/Disposable;Lorg/jetbrains/kotlin/utils/KotlinPaths;)Lorg/jetbrains/kotlin/cli/common/ExitCode;+1331
j  org.jetbrains.kotlin.cli.jvm.K2JVMCompiler.doExecute(Lorg/jetbrains/kotlin/cli/common/arguments/CommonCompilerArguments;Lorg/jetbrains/kotlin/config/CompilerConfiguration;Lorg/jetbrains/kotlin/com/intellij/openapi/Disposable;Lorg/jetbrains/kotlin/utils/KotlinPaths;)Lorg/jetbrains/kotlin/cli/common/ExitCode;+9
j  org.jetbrains.kotlin.cli.common.CLICompiler.execImpl(Lorg/jetbrains/kotlin/cli/common/messages/MessageCollector;Lorg/jetbrains/kotlin/config/Services;Lorg/jetbrains/kotlin/cli/common/arguments/CommonCompilerArguments;)Lorg/jetbrains/kotlin/cli/common/ExitCode;+202
j  org.jetbrains.kotlin.cli.common.CLICompiler.execImpl(Lorg/jetbrains/kotlin/cli/common/messages/MessageCollector;Lorg/jetbrains/kotlin/config/Services;Lorg/jetbrains/kotlin/cli/common/arguments/CommonToolArguments;)Lorg/jetbrains/kotlin/cli/common/ExitCode;+7
j  org.jetbrains.kotlin.cli.common.CLITool.exec(Lorg/jetbrains/kotlin/cli/common/messages/MessageCollector;Lorg/jetbrains/kotlin/config/Services;Lorg/jetbrains/kotlin/cli/common/arguments/CommonToolArguments;)Lorg/jetbrains/kotlin/cli/common/ExitCode;+76
j  org.jetbrains.kotlin.cli.common.CLITool.exec(Ljava/io/PrintStream;Lorg/jetbrains/kotlin/config/Services;Lorg/jetbrains/kotlin/cli/common/messages/MessageRenderer;[Ljava/lang/String;)Lorg/jetbrains/kotlin/cli/common/ExitCode;+209
j  org.jetbrains.kotlin.cli.common.CLITool.exec(Ljava/io/PrintStream;Lorg/jetbrains/kotlin/cli/common/messages/MessageRenderer;[Ljava/lang/String;)Lorg/jetbrains/kotlin/cli/common/ExitCode;+25
j  org.jetbrains.kotlin.cli.common.CLITool$Companion.doMainNoExit(Lorg/jetbrains/kotlin/cli/common/CLITool;[Ljava/lang/String;Lorg/jetbrains/kotlin/cli/common/messages/MessageRenderer;)Lorg/jetbrains/kotlin/cli/common/ExitCode;+54
j  org.jetbrains.kotlin.cli.common.CLITool$Companion.doMainNoExit$default(Lorg/jetbrains/kotlin/cli/common/CLITool$Companion;Lorg/jetbrains/kotlin/cli/common/CLITool;[Ljava/lang/String;Lorg/jetbrains/kotlin/cli/common/messages/MessageRenderer;ILjava/lang/Object;)Lorg/jetbrains/kotlin/cli/common/ExitCode;+16
j  org.jetbrains.kotlin.cli.common.CLITool$Companion.doMain(Lorg/jetbrains/kotlin/cli/common/CLITool;[Ljava/lang/String;)V+53
j  org.jetbrains.kotlin.cli.jvm.K2JVMCompiler$Companion.main([Ljava/lang/String;)V+20
j  org.jetbrains.kotlin.cli.jvm.K2JVMCompiler.main([Ljava/lang/String;)V+4
v  ~StubRoutines::call_stub

---------------  P R O C E S S  ---------------

Java Threads: ( => current thread )
  0x0000000019c4e000 JavaThread "Service Thread" daemon [_thread_blocked, id=14772, stack(0x000000001a6e0000,0x000000001a7e0000)]
  0x0000000019c0e000 JavaThread "C1 CompilerThread3" daemon [_thread_in_vm, id=7712, stack(0x000000001a5e0000,0x000000001a6e0000)]
  0x0000000019c09000 JavaThread "C2 CompilerThread2" daemon [_thread_in_native, id=11020, stack(0x000000001a4e0000,0x000000001a5e0000)]
  0x0000000019c03000 JavaThread "C2 CompilerThread1" daemon [_thread_in_native, id=13652, stack(0x000000001a3e0000,0x000000001a4e0000)]
  0x0000000019bfc000 JavaThread "C2 CompilerThread0" daemon [_thread_in_native, id=11400, stack(0x000000001a2e0000,0x000000001a3e0000)]
  0x0000000019bfb000 JavaThread "Attach Listener" daemon [_thread_blocked, id=3552, stack(0x000000001a1e0000,0x000000001a2e0000)]
  0x0000000019bfa000 JavaThread "Signal Dispatcher" daemon [_thread_blocked, id=1288, stack(0x000000001a0e0000,0x000000001a1e0000)]
  0x0000000002dc9000 JavaThread "Finalizer" daemon [_thread_blocked, id=8656, stack(0x0000000019f70000,0x000000001a070000)]
  0x0000000002dc8000 JavaThread "Reference Handler" daemon [_thread_blocked, id=3788, stack(0x0000000019a70000,0x0000000019b70000)]
=>0x000000000285d800 JavaThread "main" [_thread_in_vm, id=8820, stack(0x0000000002bd0000,0x0000000002cd0000)]

Other Threads:
  0x0000000017c89000 VMThread [stack: 0x0000000019970000,0x0000000019a70000] [id=7176]
  0x0000000019d01000 WatcherThread [stack: 0x000000001a7e0000,0x000000001a8e0000] [id=5828]

VM state:not at safepoint (normal execution)

VM Mutex/Monitor currently owned by a thread: None

Heap:
 PSYoungGen      total 64512K, used 25300K [0x00000000d6780000, 0x00000000dcf80000, 0x0000000100000000)
  eden space 59392K, 33% used [0x00000000d6780000,0x00000000d7b37dc8,0x00000000da180000)
  from space 5120K, 99% used [0x00000000da780000,0x00000000dac7d3d0,0x00000000dac80000)
  to   space 23552K, 0% used [0x00000000db880000,0x00000000db880000,0x00000000dcf80000)
 ParOldGen       total 93696K, used 43825K [0x0000000083600000, 0x0000000089180000, 0x00000000d6780000)
  object space 93696K, 46% used [0x0000000083600000,0x00000000860cc720,0x0000000089180000)
 Metaspace       used 43069K, capacity 43734K, committed 44080K, reserved 1089536K
  class space    used 5417K, capacity 5587K, committed 5680K, reserved 1048576K

Card table byte_map: [0x00000000121a0000,0x0000000012590000] byte_map_base: 0x0000000011d85000

Marking Bits: (ParMarkBitMap*) 0x000000005431d850
 Begin Bits: [0x0000000013030000, 0x0000000014f58000)
 End Bits:   [0x0000000014f58000, 0x0000000016e80000)

Polling page: 0x0000000002860000

CodeCache: size=245760Kb used=11409Kb max_used=11409Kb free=234350Kb
 bounds [0x0000000002de0000, 0x0000000003910000, 0x0000000011de0000]
 total_blobs=4047 nmethods=3546 adapters=411
 compilation: enabled

Compilation events (10 events):
Event: 5.477 Thread 0x0000000019c0e000 nmethod 3596 0x0000000003903a10 code [0x0000000003903b60, 0x0000000003903cd0]
Event: 5.477 Thread 0x0000000019c0e000 3597       2       org.jetbrains.kotlin.storage.LockBasedStorageManager$KeyWithComputation::hashCode (8 bytes)
Event: 5.477 Thread 0x0000000019c0e000 nmethod 3597 0x0000000003903d50 code [0x0000000003903ec0, 0x0000000003904048]
Event: 5.477 Thread 0x0000000019c0e000 3598       2       org.jetbrains.kotlin.storage.LockBasedStorageManager$LockBasedNotNullLazyValue::<init> (23 bytes)
Event: 5.478 Thread 0x0000000019c0e000 nmethod 3598 0x00000000039040d0 code [0x0000000003904240, 0x0000000003904428]
Event: 5.478 Thread 0x0000000019c0e000 3599       2       org.jetbrains.kotlin.metadata.ProtoBuf$QualifiedNameTable$QualifiedName$Kind::valueOf (42 bytes)
Event: 5.478 Thread 0x0000000019c0e000 nmethod 3599 0x0000000003904510 code [0x0000000003904680, 0x0000000003904810]
Event: 5.478 Thread 0x0000000019c0e000 3600       2       org.jetbrains.kotlin.metadata.ProtoBuf$Property::initFields (75 bytes)
Event: 5.478 Thread 0x0000000019c0e000 nmethod 3600 0x0000000003904890 code [0x0000000003904a00, 0x0000000003904c10]
Event: 5.478 Thread 0x0000000019c0e000 3604   !   2       org.jetbrains.kotlin.metadata.ProtoBuf$Property::<init> (985 bytes)

GC Heap History (10 events):
Event: 3.154 GC heap before
{Heap before GC invocations=5 (full 1):
 PSYoungGen      total 37888K, used 32768K [0x00000000d6780000, 0x00000000db180000, 0x0000000100000000)
  eden space 32768K, 100% used [0x00000000d6780000,0x00000000d8780000,0x00000000d8780000)
  from space 5120K, 0% used [0x00000000d8780000,0x00000000d8780000,0x00000000d8c80000)
  to   space 5120K, 0% used [0x00000000dac80000,0x00000000dac80000,0x00000000db180000)
 ParOldGen       total 93696K, used 22213K [0x0000000083600000, 0x0000000089180000, 0x00000000d6780000)
  object space 93696K, 23% used [0x0000000083600000,0x0000000084bb17d8,0x0000000089180000)
 Metaspace       used 25137K, capacity 25696K, committed 25776K, reserved 1071104K
  class space    used 3276K, capacity 3472K, committed 3504K, reserved 1048576K
Event: 3.164 GC heap after
Heap after GC invocations=5 (full 1):
 PSYoungGen      total 49664K, used 5100K [0x00000000d6780000, 0x00000000db180000, 0x0000000100000000)
  eden space 44544K, 0% used [0x00000000d6780000,0x00000000d6780000,0x00000000d9300000)
  from space 5120K, 99% used [0x00000000dac80000,0x00000000db17b018,0x00000000db180000)
  to   space 5120K, 0% used [0x00000000da780000,0x00000000da780000,0x00000000dac80000)
 ParOldGen       total 93696K, used 24232K [0x0000000083600000, 0x0000000089180000, 0x00000000d6780000)
  object space 93696K, 25% used [0x0000000083600000,0x0000000084daa208,0x0000000089180000)
 Metaspace       used 25137K, capacity 25696K, committed 25776K, reserved 1071104K
  class space    used 3276K, capacity 3472K, committed 3504K, reserved 1048576K
}
Event: 4.150 GC heap before
{Heap before GC invocations=6 (full 1):
 PSYoungGen      total 49664K, used 49644K [0x00000000d6780000, 0x00000000db180000, 0x0000000100000000)
  eden space 44544K, 100% used [0x00000000d6780000,0x00000000d9300000,0x00000000d9300000)
  from space 5120K, 99% used [0x00000000dac80000,0x00000000db17b018,0x00000000db180000)
  to   space 5120K, 0% used [0x00000000da780000,0x00000000da780000,0x00000000dac80000)
 ParOldGen       total 93696K, used 24232K [0x0000000083600000, 0x0000000089180000, 0x00000000d6780000)
  object space 93696K, 25% used [0x0000000083600000,0x0000000084daa208,0x0000000089180000)
 Metaspace       used 31666K, capacity 32242K, committed 32688K, reserved 1077248K
  class space    used 4030K, capacity 4217K, committed 4272K, reserved 1048576K
Event: 4.162 GC heap after
Heap after GC invocations=6 (full 1):
 PSYoungGen      total 64512K, used 5111K [0x00000000d6780000, 0x00000000dcf80000, 0x0000000100000000)
  eden space 59392K, 0% used [0x00000000d6780000,0x00000000d6780000,0x00000000da180000)
  from space 5120K, 99% used [0x00000000da780000,0x00000000dac7dc80,0x00000000dac80000)
  to   space 23552K, 0% used [0x00000000db880000,0x00000000db880000,0x00000000dcf80000)
 ParOldGen       total 93696K, used 34966K [0x0000000083600000, 0x0000000089180000, 0x00000000d6780000)
  object space 93696K, 37% used [0x0000000083600000,0x0000000085825820,0x0000000089180000)
 Metaspace       used 31666K, capacity 32242K, committed 32688K, reserved 1077248K
  class space    used 4030K, capacity 4217K, committed 4272K, reserved 1048576K
}
Event: 4.444 GC heap before
{Heap before GC invocations=7 (full 1):
 PSYoungGen      total 64512K, used 24242K [0x00000000d6780000, 0x00000000dcf80000, 0x0000000100000000)
  eden space 59392K, 32% used [0x00000000d6780000,0x00000000d7a2ed68,0x00000000da180000)
  from space 5120K, 99% used [0x00000000da780000,0x00000000dac7dc80,0x00000000dac80000)
  to   space 23552K, 0% used [0x00000000db880000,0x00000000db880000,0x00000000dcf80000)
 ParOldGen       total 93696K, used 34966K [0x0000000083600000, 0x0000000089180000, 0x00000000d6780000)
  object space 93696K, 37% used [0x0000000083600000,0x0000000085825820,0x0000000089180000)
 Metaspace       used 34714K, capacity 35198K, committed 35496K, reserved 1081344K
  class space    used 4441K, capacity 4603K, committed 4656K, reserved 1048576K
Event: 4.452 GC heap after
Heap after GC invocations=7 (full 1):
 PSYoungGen      total 82944K, used 9778K [0x00000000d6780000, 0x00000000dcf80000, 0x0000000100000000)
  eden space 59392K, 0% used [0x00000000d6780000,0x00000000d6780000,0x00000000da180000)
  from space 23552K, 41% used [0x00000000db880000,0x00000000dc20cad8,0x00000000dcf80000)
  to   space 5120K, 0% used [0x00000000da780000,0x00000000da780000,0x00000000dac80000)
 ParOldGen       total 93696K, used 34974K [0x0000000083600000, 0x0000000089180000, 0x00000000d6780000)
  object space 93696K, 37% used [0x0000000083600000,0x0000000085827820,0x0000000089180000)
 Metaspace       used 34714K, capacity 35198K, committed 35496K, reserved 1081344K
  class space    used 4441K, capacity 4603K, committed 4656K, reserved 1048576K
}
Event: 4.452 GC heap before
{Heap before GC invocations=8 (full 2):
 PSYoungGen      total 82944K, used 9778K [0x00000000d6780000, 0x00000000dcf80000, 0x0000000100000000)
  eden space 59392K, 0% used [0x00000000d6780000,0x00000000d6780000,0x00000000da180000)
  from space 23552K, 41% used [0x00000000db880000,0x00000000dc20cad8,0x00000000dcf80000)
  to   space 5120K, 0% used [0x00000000da780000,0x00000000da780000,0x00000000dac80000)
 ParOldGen       total 93696K, used 34974K [0x0000000083600000, 0x0000000089180000, 0x00000000d6780000)
  object space 93696K, 37% used [0x0000000083600000,0x0000000085827820,0x0000000089180000)
 Metaspace       used 34714K, capacity 35198K, committed 35496K, reserved 1081344K
  class space    used 4441K, capacity 4603K, committed 4656K, reserved 1048576K
Event: 4.516 GC heap after
Heap after GC invocations=8 (full 2):
 PSYoungGen      total 82944K, used 0K [0x00000000d6780000, 0x00000000dcf80000, 0x0000000100000000)
  eden space 59392K, 0% used [0x00000000d6780000,0x00000000d6780000,0x00000000da180000)
  from space 23552K, 0% used [0x00000000db880000,0x00000000db880000,0x00000000dcf80000)
  to   space 5120K, 0% used [0x00000000da780000,0x00000000da780000,0x00000000dac80000)
 ParOldGen       total 93696K, used 32188K [0x0000000083600000, 0x0000000089180000, 0x00000000d6780000)
  object space 93696K, 34% used [0x0000000083600000,0x000000008556f218,0x0000000089180000)
 Metaspace       used 34714K, capacity 35198K, committed 35496K, reserved 1081344K
  class space    used 4441K, capacity 4603K, committed 4656K, reserved 1048576K
}
Event: 5.330 GC heap before
{Heap before GC invocations=9 (full 2):
 PSYoungGen      total 82944K, used 59392K [0x00000000d6780000, 0x00000000dcf80000, 0x0000000100000000)
  eden space 59392K, 100% used [0x00000000d6780000,0x00000000da180000,0x00000000da180000)
  from space 23552K, 0% used [0x00000000db880000,0x00000000db880000,0x00000000dcf80000)
  to   space 5120K, 0% used [0x00000000da780000,0x00000000da780000,0x00000000dac80000)
 ParOldGen       total 93696K, used 32188K [0x0000000083600000, 0x0000000089180000, 0x00000000d6780000)
  object space 93696K, 34% used [0x0000000083600000,0x000000008556f218,0x0000000089180000)
 Metaspace       used 42593K, capacity 43302K, committed 43824K, reserved 1089536K
  class space    used 5365K, capacity 5553K, committed 5680K, reserved 1048576K
Event: 5.346 GC heap after
Heap after GC invocations=9 (full 2):
 PSYoungGen      total 64512K, used 5108K [0x00000000d6780000, 0x00000000dcf80000, 0x0000000100000000)
  eden space 59392K, 0% used [0x00000000d6780000,0x00000000d6780000,0x00000000da180000)
  from space 5120K, 99% used [0x00000000da780000,0x00000000dac7d3d0,0x00000000dac80000)
  to   space 23552K, 0% used [0x00000000db880000,0x00000000db880000,0x00000000dcf80000)
 ParOldGen       total 93696K, used 43825K [0x0000000083600000, 0x0000000089180000, 0x00000000d6780000)
  object space 93696K, 46% used [0x0000000083600000,0x00000000860cc720,0x0000000089180000)
 Metaspace       used 42593K, capacity 43302K, committed 43824K, reserved 1089536K
  class space    used 5365K, capacity 5553K, committed 5680K, reserved 1048576K
}

Deoptimization events (10 events):
Event: 5.025 Thread 0x000000000285d800 Uncommon trap: reason=bimorphic action=maybe_recompile pc=0x000000000360a368 method=gnu.trove.TObjectHash.index(Ljava/lang/Object;)I @ 22
Event: 5.026 Thread 0x000000000285d800 Uncommon trap: reason=bimorphic action=maybe_recompile pc=0x000000000360a368 method=gnu.trove.TObjectHash.index(Ljava/lang/Object;)I @ 22
Event: 5.063 Thread 0x000000000285d800 Uncommon trap: reason=unstable_if action=reinterpret pc=0x00000000036d55e0 method=java.text.StringCharacterIterator.current()C @ 19
Event: 5.096 Thread 0x000000000285d800 Uncommon trap: reason=bimorphic action=maybe_recompile pc=0x000000000360a368 method=gnu.trove.TObjectHash.index(Ljava/lang/Object;)I @ 22
Event: 5.096 Thread 0x000000000285d800 Uncommon trap: reason=bimorphic action=maybe_recompile pc=0x000000000360a368 method=gnu.trove.TObjectHash.index(Ljava/lang/Object;)I @ 22
Event: 5.436 Thread 0x000000000285d800 Uncommon trap: reason=class_check action=maybe_recompile pc=0x00000000035d525c method=java.lang.Character.codePointAt(Ljava/lang/CharSequence;I)I @ 2
Event: 5.436 Thread 0x000000000285d800 Uncommon trap: reason=class_check action=maybe_recompile pc=0x00000000035d525c method=java.lang.Character.codePointAt(Ljava/lang/CharSequence;I)I @ 2
Event: 5.436 Thread 0x000000000285d800 Uncommon trap: reason=class_check action=maybe_recompile pc=0x00000000035d525c method=java.lang.Character.codePointAt(Ljava/lang/CharSequence;I)I @ 2
Event: 5.436 Thread 0x000000000285d800 Uncommon trap: reason=class_check action=maybe_recompile pc=0x00000000035d525c method=java.lang.Character.codePointAt(Ljava/lang/CharSequence;I)I @ 2
Event: 5.439 Thread 0x000000000285d800 Uncommon trap: reason=unstable_if action=reinterpret pc=0x00000000037b573c method=org.jetbrains.kotlin.com.intellij.util.text.CharArrayUtil.getChars(Ljava/lang/CharSequence;[CIII)V @ 51

Internal exceptions (10 events):
Event: 2.058 Thread 0x000000000285d800 Exception <a 'java/lang/NoSuchMethodError': java.lang.Object.lambda$static$0(I)[Lorg/jetbrains/kotlin/com/intellij/openapi/editor/event/DocumentListener;> (0x00000000d83ceba8) thrown at [C:\re\workspace\8-2-build-windows-amd64-cygwin\jdk8u151\9699\hotspot
Event: 2.193 Thread 0x000000000285d800 Exception <a 'java/lang/NoSuchMethodError': java.lang.Object.lambda$static$0(I)[Lorg/jetbrains/kotlin/com/intellij/psi/PsiElement;> (0x00000000d67b32f8) thrown at [C:\re\workspace\8-2-build-windows-amd64-cygwin\jdk8u151\9699\hotspot\src\share\vm\interpret
Event: 2.194 Thread 0x000000000285d800 Exception <a 'java/lang/NoSuchMethodError': java.lang.Object.lambda$static$0(I)[Lorg/jetbrains/kotlin/com/intellij/psi/PsiAnnotation;> (0x00000000d67b61c0) thrown at [C:\re\workspace\8-2-build-windows-amd64-cygwin\jdk8u151\9699\hotspot\src\share\vm\interp
Event: 2.405 Thread 0x000000000285d800 Exception <a 'java/lang/NoSuchMethodError': java.lang.Object.lambda$comparing$77a9974f$1(Ljava/util/function/Function;Ljava/lang/Object;Ljava/lang/Object;)I> (0x00000000d6ff2cf8) thrown at [C:\re\workspace\8-2-build-windows-amd64-cygwin\jdk8u151\9699\hots
Event: 3.955 Thread 0x000000000285d800 Exception <a 'java/lang/ArrayIndexOutOfBoundsException': 126> (0x00000000d87cd1d0) thrown at [C:\re\workspace\8-2-build-windows-amd64-cygwin\jdk8u151\9699\hotspot\src\share\vm\interpreter\interpreterRuntime.cpp, line 366]
Event: 3.956 Thread 0x000000000285d800 Exception <a 'java/lang/ArrayIndexOutOfBoundsException': 86> (0x00000000d87ce658) thrown at [C:\re\workspace\8-2-build-windows-amd64-cygwin\jdk8u151\9699\hotspot\src\share\vm\interpreter\interpreterRuntime.cpp, line 366]
Event: 4.640 Thread 0x000000000285d800 Exception <a 'java/lang/NoSuchMethodError': java.lang.Object.lambda$static$0(I)[Lorg/jetbrains/kotlin/psi/KtExpression;> (0x00000000d6dcd858) thrown at [C:\re\workspace\8-2-build-windows-amd64-cygwin\jdk8u151\9699\hotspot\src\share\vm\interpreter\linkReso
Event: 4.703 Thread 0x000000000285d800 Exception <a 'java/lang/NoSuchMethodError': java.lang.Object.lambda$static$0(I)[Lorg/jetbrains/kotlin/psi/KtDeclaration;> (0x00000000d7103bc0) thrown at [C:\re\workspace\8-2-build-windows-amd64-cygwin\jdk8u151\9699\hotspot\src\share\vm\interpreter\linkRes
Event: 4.840 Thread 0x000000000285d800 Exception <a 'java/lang/NoSuchMethodError': java.lang.Object.lambda$static$0(I)[Lorg/jetbrains/kotlin/psi/KtTypeElement;> (0x00000000d7a24878) thrown at [C:\re\workspace\8-2-build-windows-amd64-cygwin\jdk8u151\9699\hotspot\src\share\vm\interpreter\linkRes
Event: 5.034 Thread 0x000000000285d800 Exception <a 'java/lang/NoSuchMethodError': java.lang.Object.lambda$static$0(I)[Lorg/jetbrains/kotlin/com/intellij/psi/PsiClass;> (0x00000000d854c4c8) thrown at [C:\re\workspace\8-2-build-windows-amd64-cygwin\jdk8u151\9699\hotspot\src\share\vm\interpreter

Events (10 events):
Event: 5.474 loading class org/jetbrains/kotlin/utils/FunctionsKt$ALWAYS_NULL$1
Event: 5.474 loading class org/jetbrains/kotlin/utils/FunctionsKt$ALWAYS_NULL$1 done
Event: 5.474 loading class org/jetbrains/kotlin/utils/FunctionsKt$DO_NOTHING$1
Event: 5.474 loading class org/jetbrains/kotlin/utils/FunctionsKt$DO_NOTHING$1 done
Event: 5.475 loading class org/jetbrains/kotlin/utils/FunctionsKt$DO_NOTHING_2$1
Event: 5.475 loading class org/jetbrains/kotlin/utils/FunctionsKt$DO_NOTHING_2$1 done
Event: 5.475 loading class org/jetbrains/kotlin/utils/FunctionsKt$DO_NOTHING_3$1
Event: 5.475 loading class org/jetbrains/kotlin/utils/FunctionsKt$DO_NOTHING_3$1 done
Event: 5.480 loading class org/jetbrains/kotlin/resolve/AllUnderImportScope
Event: 5.480 loading class org/jetbrains/kotlin/resolve/AllUnderImportScope done


Dynamic libraries:
0x00007ff72e670000 - 0x00007ff72e6a7000 	D:\JAVA\jdk.1.8\jre\bin\java.exe
0x00007ffb2d6f0000 - 0x00007ffb2d8e5000 	C:\WINDOWS\SYSTEM32\ntdll.dll
0x00007ffb2c630000 - 0x00007ffb2c6ed000 	C:\WINDOWS\System32\KERNEL32.DLL
0x00007ffb2b100000 - 0x00007ffb2b3c8000 	C:\WINDOWS\System32\KERNELBASE.dll
0x00007ffb2d290000 - 0x00007ffb2d33c000 	C:\WINDOWS\System32\ADVAPI32.dll
0x00007ffb2c7e0000 - 0x00007ffb2c87e000 	C:\WINDOWS\System32\msvcrt.dll
0x00007ffb2bdd0000 - 0x00007ffb2be6b000 	C:\WINDOWS\System32\sechost.dll
0x00007ffb2bbb0000 - 0x00007ffb2bcdb000 	C:\WINDOWS\System32\RPCRT4.dll
0x00007ffb2b820000 - 0x00007ffb2b9c0000 	C:\WINDOWS\System32\USER32.dll
0x00007ffb2af90000 - 0x00007ffb2afb2000 	C:\WINDOWS\System32\win32u.dll
0x00007ffb2bda0000 - 0x00007ffb2bdca000 	C:\WINDOWS\System32\GDI32.dll
0x00007ffb2afc0000 - 0x00007ffb2b0cb000 	C:\WINDOWS\System32\gdi32full.dll
0x00007ffb2b3d0000 - 0x00007ffb2b46d000 	C:\WINDOWS\System32\msvcp_win.dll
0x00007ffb2ae90000 - 0x00007ffb2af90000 	C:\WINDOWS\System32\ucrtbase.dll
0x00007ffb11080000 - 0x00007ffb1131a000 	C:\WINDOWS\WinSxS\amd64_microsoft.windows.common-controls_6595b64144ccf1df_6.0.19041.844_none_ca00b6081b84eb1d\COMCTL32.dll
0x00007ffb2c880000 - 0x00007ffb2c8b0000 	C:\WINDOWS\System32\IMM32.DLL
0x00000000551a0000 - 0x0000000055272000 	D:\JAVA\jdk.1.8\jre\bin\msvcr100.dll
0x0000000053b00000 - 0x000000005439d000 	D:\JAVA\jdk.1.8\jre\bin\server\jvm.dll
0x00007ffb2c7d0000 - 0x00007ffb2c7d8000 	C:\WINDOWS\System32\PSAPI.DLL
0x00007ffb13930000 - 0x00007ffb13957000 	C:\WINDOWS\SYSTEM32\WINMM.dll
0x00007ffb24af0000 - 0x00007ffb24afa000 	C:\WINDOWS\SYSTEM32\VERSION.dll
0x00007ffb0b130000 - 0x00007ffb0b139000 	C:\WINDOWS\SYSTEM32\WSOCK32.dll
0x00007ffb2be70000 - 0x00007ffb2bedb000 	C:\WINDOWS\System32\WS2_32.dll
0x0000000055190000 - 0x000000005519f000 	D:\JAVA\jdk.1.8\jre\bin\verify.dll
0x0000000055160000 - 0x0000000055189000 	D:\JAVA\jdk.1.8\jre\bin\java.dll
0x0000000055140000 - 0x0000000055156000 	D:\JAVA\jdk.1.8\jre\bin\zip.dll
0x00007ffb2bee0000 - 0x00007ffb2c622000 	C:\WINDOWS\System32\SHELL32.dll
0x00007ffb28f70000 - 0x00007ffb29701000 	C:\WINDOWS\SYSTEM32\windows.storage.dll
0x00007ffb2c910000 - 0x00007ffb2cc65000 	C:\WINDOWS\System32\combase.dll
0x00007ffb2a8a0000 - 0x00007ffb2a8cc000 	C:\WINDOWS\SYSTEM32\Wldp.dll
0x00007ffb2b770000 - 0x00007ffb2b81e000 	C:\WINDOWS\System32\SHCORE.dll
0x00007ffb2bb50000 - 0x00007ffb2bba5000 	C:\WINDOWS\System32\shlwapi.dll
0x00007ffb2ad70000 - 0x00007ffb2ad8f000 	C:\WINDOWS\SYSTEM32\profapi.dll
0x0000000055120000 - 0x000000005513a000 	D:\JAVA\jdk.1.8\jre\bin\net.dll
0x00007ffb2a610000 - 0x00007ffb2a67a000 	C:\WINDOWS\system32\mswsock.dll
0x0000000055100000 - 0x0000000055111000 	D:\JAVA\jdk.1.8\jre\bin\nio.dll

VM Arguments:
java_command: org.jetbrains.kotlin.cli.jvm.K2JVMCompiler @D:\Warehouse\1809Fiannce\user_library\build\20210427_6381892536668738897.compiler.options
java_class_path (initial): C:\Users\Leo\.gradle\caches\modules-2\files-2.1\org.jetbrains.kotlin\kotlin-compiler-embeddable\1.4.32\b4fc9be460ca88eecea2303e142ce2920bd14775\kotlin-compiler-embeddable-1.4.32.jar;C:\Users\Leo\.gradle\caches\modules-2\files-2.1\org.jetbrains.kotlin\kotlin-reflect\1.4.32\ce852b166d97f0f1991b5130c2bb02e2ef6c554e\kotlin-reflect-1.4.32.jar;C:\Users\Leo\.gradle\caches\modules-2\files-2.1\org.jetbrains.kotlin\kotlin-stdlib\1.4.32\461367948840adbb0839c51d91ed74ef4a9ccb52\kotlin-stdlib-1.4.32.jar;C:\Users\Leo\.gradle\caches\modules-2\files-2.1\org.jetbrains.kotlin\kotlin-script-runtime\1.4.32\bac50b0748be017dbc13fc1cb7231b1c9da0e106\kotlin-script-runtime-1.4.32.jar;C:\Users\Leo\.gradle\caches\modules-2\files-2.1\org.jetbrains.kotlin\kotlin-daemon-embeddable\1.4.32\b40c5de5adea26ebb4e5fc36945c482ac20acee2\kotlin-daemon-embeddable-1.4.32.jar;C:\Users\Leo\.gradle\caches\modules-2\files-2.1\org.jetbrains.intellij.deps\trove4j\1.0.20181211\216c2e14b070f334479d800987affe4054cd563f\trove4j-1.0.20181211.jar;C:\Users\Leo\.gradle\caches\modules-2\files-2.1\org.jetbrains.kotlin\kotlin-stdlib-common\1.4.32\ef50bfa2c0491a11dcc35d9822edbfd6170e1ea2\kotlin-stdlib-common-1.4.32.jar;C:\Users\Leo\.gradle\caches\modules-2\files-2.1\org.jetbrains\annotations\13.0\919f0dfe192fb4e063e7dacadee7f8bb9a2672a9\annotations-13.0.jar;D:\JAVA\jdk.1.8\lib\tools.jar
Launcher Type: SUN_STANDARD

Environment Variables:
JAVA_HOME=D:\JAVA\jdk.1.8
CLASSPATH=.;D:\JAVA\jdk.1.8\lib;D:\JAVA\jdk.1.8\lib\tools.jar
PATH=D:\Android_SDK\platform-tools;C:\ProgramData\Oracle\Java\javapath;C:\Windows\system32;C:\Windows;C:\Windows\System32\Wbem;C:\Windows\System32\WindowsPowerShell\v1.0\;C:\Windows\System32\OpenSSH\;C:\Program Files\Intel\WiFi\bin\;C:\Program Files\Common Files\Intel\WirelessCommon\;C:\Program Files (x86)\NVIDIA Corporation\PhysX\Common;C:\Program Files\NVIDIA Corporation\NVIDIA NvDLISR;C:\WINDOWS\system32;C:\WINDOWS;C:\WINDOWS\System32\Wbem;C:\WINDOWS\System32\WindowsPowerShell\v1.0\;C:\WINDOWS\System32\OpenSSH\;D:\JAVA\jdk.1.8\bin;D:\JAVA\jdk.1.8\jre\bin;D:\mysql\bin;C:\Program Files\Git\cmd;C:\Users\Leo\AppData\Local\Microsoft\WindowsApps;D:\Bandizip\;
USERNAME=Leo
OS=Windows_NT
PROCESSOR_IDENTIFIER=Intel64 Family 6 Model 158 Stepping 10, GenuineIntel



---------------  S Y S T E M  ---------------

OS: Windows 10.0 , 64 bit Build 19041 (10.0.19041.928)

CPU:total 8 (initial active 8) (4 cores per cpu, 2 threads per core) family 6 model 158 stepping 10, cmov, cx8, fxsr, mmx, sse, sse2, sse3, ssse3, sse4.1, sse4.2, popcnt, avx, avx2, aes, clmul, erms, 3dnowpref, lzcnt, ht, tsc, tscinvbit, bmi1, bmi2, adx

Memory: 4k page, physical 8164900k(447804k free), swap 18650632k(2136k free)

vm_info: Java HotSpot(TM) 64-Bit Server VM (25.151-b12) for windows-amd64 JRE (1.8.0_151-b12), built on Sep  5 2017 19:33:46 by "java_re" with MS VC++ 10.0 (VS2010)

time: Tue Apr 27 20:46:26 2021
elapsed time: 5 seconds (0d 0h 0m 5s)

